100
40 30 5 200
2 353 539 93 500 
D R D D U U U R U R U R U R U R U R L D L D L D L D L D L D L D L D L D L D U L U L R D R R R R L L D L D L D U R U R U U U U D D R R R R R D U L L L L U U U U U U L R D D D D D D D L D D D L D D D L D U R U U U R U U U R U U U U D U D U D L D D R R R U R U R U U U U U U U U U U U U U L L L D D D L D D L D D D D U U U U R U U R U U U R R R D D D D D D D D D D D D D L D L D L L L U U R D R U U W L 
47 34 3 200
336 188 73 
R D D D D D D U D D U U U U U U U U U L L L L D U R R R R D D R R R R R R D U L L L L L L D L D L D L R U R U L U U R L U U U U U U U U L U L R D R D D D D D R U R R D U L L D L D D D D D D D D U U U U U U U U U U U L U L U L U D U D U L R L R D R D R D R D D D D D D D D R R U L W U U U U U U L U L U L U L U L U L R D R D R D R D R D R D D D D D R R R L L U U L U U R U D L D D R D D L L L D L D D 
56 31 7 200
594 845 932 658 949 139 583 
U R D D R D R D L L D L D U R U R R U L U L U U R U R U R D D D D R R L L U U U U L D L D L L L D D D L D D L L L L L D U R R R R R U R R L L U R U U U R U U U U U U D D D D R R R U R U R U R U R L D L D R R R R R R D R D U L U L L L L L L L D L D D D D D D D D U U U U L R U U U L L L U L U L U L R U U L L L U L U L R D R D R R R D D D R D R D D D L D D D D U U U U R D W W W W W W W W W W W W W W 
53 38 3 200
544 950 276 
R D R R U D L L U U U U D D D D R R R R R R R L L L L L L L U U L U L R U R R U D L L D D R D D D L L L L L L L L R R R R L R L R L R L R L R R R R R U U L W L L R L R L R L R L R L R L R L R L R R W L L R L R L R L R L R L R L R L R R W L L R L R L R L R L R L R L R L R R W L L L D D L D D L D L L R R U R U U R U U R R R W W L L U U R U R R L L D L D D R D R R R D D U U L L L U U L U L U L U L U 
39 44 5 200
550 954 218 776 242 
L D L D U U U L L U L U U L U D R D D R D R R D D R U D R R R U D R D R D R D R D D U U L U U U U U D U D U D U D U D U D D D D L U L U L L L L U R W R R U R U R L U U R R D U L L D D L U L U L L L D L L L D U R R R U U U D D R R R D R D R D L D L D L L L L L L D L D L R U L U U U U R U U U R L D D D L D D D D R R U R R R U U R U U U L U U D D R D D D L D D L L R L R L R L R L R R R R R U L W L L 
47 46 5 200
526 638 898 729 590 
U L L D D L R U U R U U U U R R D R R R U D L L L U L L D D D D R R R R R L L L L L L L U L L D L D D L R R R D U L L U U R U R R D R R R R D D D D L D D D D U R R L R R D D D D L L L R R R U U U U L L L U U U R U U L L L L L R R R R R U U U U U U L U U R L U D U D U D D D R D D D D L D W U U U U U U U U U R L D D R R R R D R R R R R U D L L L L L U L L L L D D D D D D D D D D D D D R R D R D D D 
35 35 3 200
453 819 698 
U U U R L D D R R L L U U U U U U L U L R D R D D D D D D R R R R R R R R D U L L L L L L L L L L R U U L L L L U L U L U L R D R D R D R R R R D D R R D D D L D L D L R R R R R R R R R L U U U U U U U R U U U U U U D U D U D U D U D D D D D D L D D D D D D D L L L L L L L U R U R U U U L D W U U U U R U R U R U R L R L L L L L U U R R U D L R L R L U U U R R U R R R R D D R D U L U U L L L L D L 
64 35 7 200
129 517 427 703 419 878 540 
R R R D D U U L L U U L U L U L R D R D R D D D D D D D D L D R R R R R R L L L L L L U R U U U U U U R L D L L L U L L L U L R D R R R U R L L L U L U L U L U L R D R D R D R D R R D D R R R D D D R R R R U D R R R R L R L R L R R R D D U U L L L L L L L L L L U U U U U U U U U U U U D D D D D D D D L W U U R U R L U U U U U U U U L U L U L U L R D R D R D R D D D D D D L R D D D R D R D D R D D 
56 47 9 200
474 785 198 426 758 874 983 309 625 
D R D R L R L L L L D U R R R U U R R L L R U U L U L L U U L U L U L R D R D R D D R R D R R D R R U D D D D U U U L L U L D D D D D D D U U R R R R L L L L U U U L R U U L U L U D R D R D D L D L L L D L D L D L D D L L R R U U R U R U R U R U U U U R U R L D L D D D D D R R R U U D D L L L U R U W R R R D R D R D R L U L U L U L L L L L L D L D L D L D L D L D L D U R U R U R U R U R U U L L L 
46 24 4 200
114 447 214 644 
U R U R U R L D L L L U L U L R D R D D D D D D U U U U U R R R U U R U R U D L D L D D L D L L L L R R D D D D D D L D D U U R U U U U U U L L L L L L L U L U L R D R D R R R R R R R R U D R D D D D L D L D D U U R U R U U U U L U L U L U L R D R D R D R R R R R R U U R L D D L L L L L L L R U U U U U U U U R L D D D D D R R R U R R R D U L L L D L L L D D D L L L L L L L L L R L R R R R R R R R 
43 53 10 200
68 837 914 557 746 520 18 649 153 492 
L D L L L U L R D R R L U U U R U D L D D D R R D R D R D R D D U U L U L U L U U U R R R L U D L L L L L D L L L U L R D R R R U R R U D L R R U U U R L D D D D D L L L L L R R R R R U U R U R U R R U R D D D D U U U U L D L L U U U L R D D D D R R R R D R D R D D D L R U U U L U L U L L L L L D L D D D L D L D D U U R U R U U U R U R U R R U U U D D D L L D L D L D R W L U L L L U U D D R R R D 
60 25 10 200
798 618 868 850 927 794 274 893 631 48 
R U R L D D L D L L L R R R U R U U R U R L D L D D L L R R D D D U U U U U L L L L U U D D R R D D D U U U R R D U R R R R R D U L L L L L D D L D L D L D U R U R U R U U R R R R L L L L L L L L L L U L D D L D D U U R U U R D R R R R R R U D L L L L R R D D D D D D D D D L L L D U R R R U U U U U U U U U R R R R R R R L L L L L D L W U L U L L L L L L L L L D L D L D L D L D D U U R U R U R U R 
58 55 6 200
79 693 219 343 656 351 
U R L L D D D R D U L U U U R R R R R R R D R D D U U L U L L L L L L L L L L L L D L D U R U R R R R R U D R R R R R R R R R R R R L L L L L L L L L L L L L L L L D L L D D U U R R U R R R R R R R R R R R R R R R R R D U L L L L L L L L L L L L L L L L L R R R R U U U U U D D D D D R R D D D R D R D D U U L U L U U U L U U U U D U D R R U R R R U U U L L L L U L U L R D R D R R R R D D D L L L D 
72 28 6 200
562 152 106 334 584 672 
U R L L D D D R D D U U L U U U R R D D R D D L L L L L D U R R R R R U U L U U L U U U U D D D D L D L D L D L D U R U R U R U R U U U R U R U R U R U R L D L D L D L D L D D D R R R D D R D R R D R D U R U D L L U L L U L U U L L L L L L L U L R D R R R R U U U R U L U U R R R D U L L L D D R D L D D D R R R R R D R D D U U R R U R R R U R L D L L L D L L L U L L L U U U U D D D D L L L L L L L 
69 48 7 200
400 974 109 697 617 80 609 
D L D D U U U U L U L U L U L U L R D R D R D R D R D D R R R R D D D U U U L L L L U L R U U U U R R U U R U R L D L D D L L U U U D D D D R R R R R R L L L L L L U U D R R R R R U D L L L L L D D D D D R R R D R D R D R L U L U U U D D L U L L L U U L U U U U U L U L U U D D R D R D D D D D R D D L L L L L L L R R R R R R R R R D D D D D U U U U U U U U D D D L R L U W D R D D D L D D D D D D D 
73 38 5 200
454 60 298 549 413 
U R R U R U R L D L D L L L L D L D U R U R R U U U U U U D D D D D D R R L L U U U L U L U L U L R D R D R D R D D D L L L R D D L D D D L D L D D L L L L U U D D R R R R U U R U R U U U R U U U L U L U L D L D L D U R U R U R D R D R D R R U U U U R L D D D D L L L L D L D U R U R R R R R R R R D R D R R L R L R L D D D D D R R R R R R R R R U U U L U L U U L U L R D R D D R D R D D D L L L L L 
28 28 6 200
424 55 222 789 790 645 
L L L L R R R D D D U R R L L D D L D D R D D U U L U L L D L L L U L U L L D U R R D R D R R R U R R U R U U U U U U R R R R U R U R U R U R R U D L L D L D L D L D L L L L L L L U L U L R D R D R R R U R R R R U R L D L L L L D D D L L L L L L D D L D L L L R R R U R U U R R R R R R U R U R U U U U U U U R L L L L U U L U U L U L U L R D R D R D D R D D R R R D D D D D D D R D R D R D D R D D U 
50 62 6 200
127 132 123 981 999 607 
R R R L L U U U L R D D D D R D R D L L D U R R U U U U U D D D D L L D L D D U U R U R U U U U U U R L L U U L L L U L U U D U D U D U L R D D R D R R R D D R D D D D D L D D L D L D D D D R D D R L U U L U U U U R U R U U U U U U L R D D D D D R D R D R D U L U L U L U U L W U L U L U L U L D D D L D D R D D U D L R U U L U U R U U U R D R D R D R R R R R D R D R D R D D U U L U L U L U L L L L 
34 57 3 200
428 910 525 
U U U U U U D D D D D R R D D D D R D R D D D U U U L U L U U U U L L L L L L L L L U L R D R R R R R R R R R D R D R D U L U L U L L U U U L U U L L U D R R D D R D D D L L L L L L L R R R R R R R U R R R R U R U U U U D D D D L D L R L R L R L R L R L L L L D D W R R R R R R L R L R L R L R L R L R R R D R D D U U L U L L L L L L D D D D D D D D D U U U U U U U U L L R R U L L W W W W W W W W W 
27 44 6 200
828 754 764 259 711 95 
R R D R D D U U L U U U U U U U U D L L L L L D D U U R R R R R D D D D D D R R D R D R D D D D U U U U L U L U L L L U L L L D L R U R R R U U U U R U U U U D D D D L D D D D D D L L D L D D L D D L D D U U R U U R U U R U R R D D D D U L L L L L R R R R R U U U U U L L U L U L U L R D R D R D R R D R R D D R D R R R R R L L L L R L R D D D D R D D D R R U U U U D D D D L L L L L L U L R D R R R 
61 62 2 200
748 45 
R D R D D L D L L L R R R U R U U L U U L U L U L L L D L D D D D L D L R U R U U U U R U R R R D R D R D R R R L R L R R R R R L R L R L R L R L R L L L L L L L L W R R R R R R R R L R L R L R L R L R L R L R L L L L L L L L W R R R R R R R R L R L R R L L L L L L U U U U U U D D D D D D R R R R L L L L L L D L L L L L L L U L U L R D R D R R R R R R R U L W W W W W W W W W W D L L U U U R U R U 
40 18 6 200
660 75 37 284 800 971 
D L D U U U U U U U D R R R R R R L L L L L L D D D D D L D D D D D U U R R R R R R R L L L L L L L U U U R R R U R U R L U U R R D U L L D D D D D D D D D R L U U U U U R R R R R R R L L L L L L L U L D L L D D D R D D R D R D D U U L U L U U L U U U U U U U U L U L U L U L U L R D R D R D R D R D D D D D R R R R R R R D R D D L L D U R R U U U U R L D D L U L L U U U U U U U D D D D D D D L L L 
44 66 5 200
859 141 604 882 610 
L L L L L L R R R R R U R U R R R R U R L D L L L L D L D L D L D L D L D D D U U U R U R U R U R U U U U U R U R L U U U U R U R R R R R L L L L L D L D D D D D L D D D D D D R R R U D L L R U U L R D D L L L L L D D D U U U L U L R U D D R R R R U U U R U R U R U R U R L D L D L D L D L D D D R D D D D D D R L U U U U U D D D D D R R U D L L U U U U U U R R R R R R R R R L L L L L L L L L L U R 
65 20 6 200
671 992 154 832 221 312 
U L D D D D R R D R D U L U L L U U U U L D L D L D U R U R U R R R R R R R R L L L L L L D W W W W W W W W W D D R D D D R D R L U L U U U U U U U U U U U R U R L D L D D D D D L L L L L L R R R U D R R R D D D L D L D L D D U U R U R U U R R U R U R U R U R U R L D L D L D L D L D L L L L L L L U L U L U L U L U L R D R D R D R D R D R R R R R R R D R R R L L R L R L R L R L L U L L U W R R L R 
32 21 6 200
146 791 469 725 636 813 
R R L D L L L R R R U R L D L D L D D D D D U U U U U R U R U R R R R U R L D L L L L U U U U U D D D D D R R R U U R U R U R U R L D L D L D L D D L L L D L D L D D D L D L D D D D U U U U R U R U U U R U R U U U U U U U U U U R L R L U U U U U R U U R R R D D D D U U U U L L L D D L D D D D D D D D D D D R L L L L R R R U U U U U R U R U R U R L D L D L D L D D D D D D D D D D R D D D D D D D D 
73 54 4 200
225 807 378 291 
U R L L L L L L L L L D L D U R U R R R R R R R R L D D R D U L U L L L L D U R R R R U R U U U U U R L D D D D D R R R R R R R R D R D R L U L U L L L L L L D R D D D D D D L R U U U U U U L U L L U U U U D D D D R D D D D D D D D D D L D L R U R U U U U U U U U U U U U R R D D D D R D R D D R D R D U L U L U U L U L U U U U L L U L U L U L U D L L L L U L U U U U R R R L R L R L L L D D D D R D 
70 61 6 200
647 542 708 561 224 537 
U U U U U U U L R D D D D D D R D D L D U R U U L U L L U L L L L L L R R R R R L D D D D D D D R D D U U L U U U U U U U R R D R R D R R R R R R R D R D D U U L U L L L L D D D D D D U U U U U U R R R R U R L D L L L L L U U D U D U D U D U D D L L D W W U U U U D U D U D U D U D U D U D U R L D D D D W U U U U R U R L U L U U U D D D R D D U R R R R D R L U L L L L L L L L L L L R R R R R R R D 
80 33 5 200
311 327 502 620 669 
U L U L L L D D D R D R D U L U L U U U R R R D R R R D R D R D D L L L L L L L L L L R R R R R R R R R R U U L U L U L L U U D D R D D R D D D D D D D D U U U U U U L R U U L U U L L U L L R R U D U D U U U U U U U R L R U R L D L D D D D D D D D D L L L L L U L L R R D R R R R R U R R R R L R L L L D W R R R R L R L R R R U D U D U D U D U D U D U D L L L L L L W R R R R R R U D U D U D U D U D 
79 44 6 200
385 928 326 778 707 6 
R R U R U U U R L D D D L D L D L L D L U U U L U L U L U L R D R D R D R D D D L D U R R U R R U R R L L D D D D D D D D U U U U U U U U U L L L L D L L R R U R R U D R R D D R D D D L D L D D L D U R U U R U R U U U L U U L L L U L U L U D U D U R U U U U U U L U U D D R D D D D U L L L D L R U R R R D D D L D R D D D D U U U R D R R R D L W R D R D D R D R L U L U U R R R R U R L D L D D U U R 
37 71 5 200
986 670 368 803 178 
L L L L L L R R R R R D D D D R D D D U U U L L L L D L L L U D R R R U R R R U U U U U U U U U R L D D D D D U R R D U L L D L D D D D D D L D L R U R U U U U U D D D D D L R R D R D D L D D L L U L U D R D R R U U R U U L U L U U U U U R D D D R D D R D R D U L U L U L R U L U U U L U L L L L L L U L U L U L R D R D R D R R R R D L L L L D D D R D R D D U U L U L U U U R R R R U R R R U U R U R 
19 34 3 200
784 926 272 
D D L D D L D U R U D L D D U U R U U U U L U L R R R R R U R U R U R U R U R L D L D L D L D L D L L L L L L U U U U D D D D R R D R D D R R D R R D D U U L L U U U U U U U U U D D D D D D D D U D U U U D D D U R R R R D R D R L U L U L L L L D L U U W W R D R D D D D L L L L U L U U U L U L L R L R D D D L L L U D R R R U U U R D R D D D R D R R R R U U U U U U U U U R U D U D U D U D U D U D U 
54 72 6 200
806 25 788 632 818 491 
R U R U R L D L D U L L L D L D L R R R L L U R U R U U U U D D D D R R D R D R D R D R D R D U L L L L L D U R R R L L L L L L R L R L R L R L R R R R R R R U L U L U L U L L W D L D L D L D U R U R U R R R R U U U R U R U R U U L L D L L L L L U L L R R D R R R R R U R R D D L D L D L D D D R R R U U R U R L D U U R L D D L D D D R D U L U L L L L L U U U U U D D D D D L L L R L R L R L D D L L 
24 56 6 200
848 688 676 684 281 357 
U U R L U U U U L L L R R R D D D D D R D U L U U U L L U L U D R D R R D D D L D L D D D D R D D D D R D R L U L U U U U L U U U U R U R R R R R R L L L U U U U U U U U U U U U U D D D D D D D D D D D D R L D L L L L L L D L D L D U R U R U R R D D D D D D D D D D U U U U U U U U U U L L L R R R R R U R U R R D R D R D R R D D R D R D R D U L U L U L U U L L U L U L U L L D L D R D D D D L D D D 
57 13 6 200
170 989 865 108 231 162 
R R R R R R L L L L L U U L L L L L U L R D R R R R R U U U R L D D D D D D L D D L D L D U L R R U R U U R U L W W W L D D L D L D L D D D R D R L U L U U U R U R U R U U U U D D D R R R R R R R R L L L L L D D D D D U U U U U L L L U U U U U L U L R D R D D D D L L L L L D D L L D U R R U U R R R D U R R U R R R R R R R L L L L L L R D D L D D L D D D U U U R U U R U U R R R R R U R R L L D D R 
68 69 5 200
387 761 300 206 210 
U U U U U U U D D D D D D L D D D D R D R D U L U L U U L L L R R R R R R L L L D L D L D L D L D D U U R U R U R U R U U U L L L L L D D D L L D L R U R R U U U R R R R R R R D D R D R D R D R D U U U U U R U R U R L D L D L D D D D L L L D U R R L D D R D D L D L L U D R R U R U U L U U R U L U L U L U U L L L L L L L R R R R R R U U U U U U U U U U R U R L D L D D D D D D D D R R R R U R D D D 
47 75 5 200
462 176 662 200 247 
L D D D R D U L U U D R R R U R R R R L L L L D L L L U U D L L U D R R U U R R U R U R L D L D L L D D D D D D D L D D D U U U R U U U U U U D D D R D D D U U U L U U U U U U U U D D D D L L L L L R R R U D R R R R U R U R U R U R R U R D D D R L R L R L U U U L D L L D L D L D L D L L D R W R R R R R R R R R U R L D D D D U U U L L L L L L L D D U U R R R R R U U R R R R R L L L L L D D L L L L 
22 23 4 200
880 314 906 410 
R R R R R L L L L D D L D D U U R U U U U U R L D D R R L R U U U U R U R R R D D L D D D U U U R U U L L L D L D L L L R U U U U U D D D D D R R D D D D R D R D R D D R D R D L L D D D D D R R R U R U D L D L L L U U U U U R R U L U L U U L U L U L U L L U U U D U D L D L D L L U U U R U R R R U U U D D D L L L D L D D D R R U U U U D U D D D R U R D D D L W U U U U U U U L R D D D D L L U U U U 
30 68 5 200
196 443 446 650 329 
U R R R D R D U L U L L L L L D L D U R U R R R R R L L L U U L U L R D R D R R R L L L D L L D D R D D R D D U U L U U L U U R R R U R U R L D L D L R R R D D D D D R D R D D U U L U L U L L D U D D D D U U U U R R U U U U L L L L L L L D L L D L R U R R U R R R R R R R D D D R D R D D U L L D L L L U L L U U L R D D R R D R R R U R R U L U L U U L L D U R R U L L L D W D D L D D D D D L L L L L 
18 47 6 200
774 976 847 497 444 256 
L L L L L D U R R R R U R R R R R L L L D D D D D R D D U U L U U U U U L U U D D L D D L D D U U R U U R U R U R R L L D L D L D D D D L D L D L D U R U R U R U R R R R R R L L L L U U R U U D D L D D L L U U U L U U R U D R R D U U U U U U U R L D D D D D D R L L L L L L U L U L R D R D R R D D R D D D D D D D R D D D D D D L R U U U U U U L U U U U L L R R U U R W U U U U U R U R U R L D L D L 
37 11 6 200
852 600 870 962 278 877 
U U U D D R R R R L L L L L D D D R D D U U L U U U R U U U U U U R L D D D D D D R R R R R R R D U L L L L L D D U U L L U U U U U U U D D D D D D D D W W W R D R D R D R D R R R D D L D D D U U L L L L R L R L R L R L R L R L R L R R R R U R U U L L L U L U L U L U L W W W W W W W W W L D D D D D D D U U U U U U U U L R D D R R R R R R R R U R R R R D R L U U U D D L L L L D L L L L L L L R U U 
71 15 4 200
130 823 630 554 
U U L D D L D L R U R U U L L L L L L L L U L R D R R R R R R R R R U D D L D L D L D L D D D L R U U U R U R U R U R R L L D D R D U L U U R R R R R R U R U R L D L D L L L L L D W W W W W W W W W W W W W W W W W W W W W W W W W W W W W W W W W W W W W D D D D D D L D L R D D D D L D L D D L D L R U R U U U U U L R D D D R U R U U U U U R U U U U U L U U U R U U U U U U U R U R U R U U D D L D L 
63 75 3 200
733 775 580 
L U L L D L D U R U R R U U U R U R U R U R L D L D L D L D D D D D R D R L R L R L R L R L R L R L R L U L U R W W W W W W W W W W W W W W W W W W W W W W W W W W W W W W W W W W W W W W W W W W W W W W W W W W W W W W W W W W W W W W W W W W W W W W W W W W W W W W W W W W W W W W W W W W W W W W W W W W W W W W W W W W W W W W W W W W W W W W W W W W W W W W W W W W W W W W W W W W W W W W W W 
80 58 6 200
57 597 184 795 680 665 
U U L L L D D D U U U R R R U U D D D R D D L D D U L R U R U U R R U R U R R L L D L D L L D D D U U U U R U R U R U R L L R D L D D D R D R R R D D D D D R D R D D D U U U L U L L L R R U U U U U L L L U L U U L L L L L L L L U L U L U D U D U L R L R D R D R D R R R R R R R D L D L D W L L U L U L U L U L U L U L U D U D U D U D U D U D U D U D U D R D R D R D R D R D R D R R W L L U L U L U L 
14 28 5 200
701 49 763 530 390 
R R R R D R L U L L L U L L L L R R R R U D D D D L D L D L D L D L R U R U R U R U R U U U U U U L U L R D R D D D D U L L L L D L D L R U R U U U D D R R R R U U U U R U R R L R D D D R R R U U U U U D D D D D L L L U U U D D D R D R D D D L D U R U U U L L R U L U U U L L D L D D D D L L L L L L L L L L L L D U R R R R R R R U L U U R U D L D D R D R R R R R D L W L L L L L L U L U L R D R D R 
39 81 7 200
401 820 417 875 959 496 135 
R D D D D R D R D R D U L U L U L U U U L L D D D D D U U U U U U L L L L U L R D R R U U D D R R D R R D L D D D R D R L U L U U U R U U R U R U U D D L D L D L L D L L L D L R D D L L L R R R U U U R R R U R R R R D U L L D L D D D D D D L D D U U R U U U U U U R U U R U U U U L L L U L U L U L U D R D R D R D R R R D D D D L D L L L L U L R D R R R R U R U U U U U U U U D D D D D D D D R R D R 
86 47 9 200
379 252 613 919 710 293 186 136 439 
U U L U D R D R R D D D L L L L L D U R R R R R U U U L U L L L L U L R D R R U U U D D D L R R R D R D R D R D D D R D D D R D R D D R D D D U U U L U U L U L U U U R R L L L U U U L U L U L L U U U U L U L U L L L L L L L L L D U R R R R R R R R R D R R L D R D D D D R R R R R R R D U L L L L L L L L D D D D R D D U U L U U U U R R U R U R U R U R L D L D L D L D R L R R D R D R D R D R D U L U 
55 81 8 200
371 268 897 936 72 189 441 771 
U U U D D L L L U D R R R R R D R D D D U U U U U U L U U D U D U U R L D D D R D D D L U L L L D U R R R U R U R U R U R L D L D L D D D D R D D D U U U U R L D L D D D D U U U R R R R R L L L L L L D L D D D D L D D U U R U U U U R U R U U U U L D L L D W W W W L R L L D U D R R R L L L U R R W D R R U U U L U L L U L L U U L U L U U D D R D R D D R R D R R D R R R R R R R R R R D R D R R R R R 
32 77 5 200
731 793 429 76 208 
R U R U R U R L D L D L D D D D D D D U U U U U U U U R U R R R D R R L L U L L L D L D D D D R D D L L L L L L L D U R R R R R R R D D D L D U R U U U U U L U U U U L U L U L R D R D R D D L R D R L U U U U U U L U L L L L U L U U U D D D R R L D L R R U U R R R R R R L L L L L L D D R R R D R D D D D D U R R R R R R D R L D D D D D D L D U R U U U U U U U R U R R D U L L D L L L L L L L D L W R 
17 59 9 200
440 861 942 749 267 930 270 860 841 
U U U L L R R R R U R U D D D R D U L U U U D R L L D L L D D L D L D D L D L D D L D U R U U R U R U U R D L D L D D U U R U R U U L U U R U U R R U R U R U R U U R R R D R L U L R L R D R R U U L R D D L L U L L L D D L D L D L D L L D D L D D L D D U U R R R U R U R U R U U R U U D D L D D D R D R D R D U L U L U L U L D L D L D L D D U U R D W U R U R U R U R U R U R U R L D L D R D R D R L U 
82 20 7 200
355 780 347 917 885 933 117 
R U R U R R D R D D L R U U L U L L U U R U D L D D D L D D D D L D L D U R U R U U U U U U U U U U L U U L L R R D D R R R R R R R D L D D D D D R D D D L D L D L R U R U R U U U L U U U U U R U L L L L L L D D D L L L L L L D L L U D R R U U D R D D D D D L D D D D D U U U U U R U U U U U R R R U U U L L U U D D R R D D D L L L L D L L D L R U R R U R L R L D L D L D D D D D D L D L D D L L L L 
46 84 4 200
47 352 507 920 
D D L D L D U L L L U U L L R R D D R R R R U R U R U U U R U R U U L L U L U L U L R D R D R D R R D D L D L D D R R R R R R R L L L L L L L D L L D L L R R U R R U U U R U R U U L U D R D D L D L D D D R R R R R R U R R R D U L L L D L L L L L L U U R L D D R R R R R R D R R R D R D D D U U U L U L L L U L L L L L L L L U L U L U L U L U D R D R D R D R D R R R R R R R R D D R D D R R R R R R R 
90 36 9 200
115 46 42 643 902 264 360 646 907 
L L U L U L R R R R U R U R L D R R R D U L L L L D L L L D R D D U R U U U U U U U R U R L D L D D R R R R R L L L L L D D D L L L L L R R R R R D D D D D D D L D D D U L R R R R R R D U L L L L L U U R U U U U U U R R R D R L U L L L L U L L L U U L U D R D D R D D D D D D U U U U U U R R D R D D R D D R D R D D R R R D R D R D D U U L U L U U L R D L L L U U L U L U U R U R U R U U U R R U U U 
70 79 3 200
404 753 547 
U U U U L U L R D R D R R R L L L D D L L L D L D L L L R R R U R U R R R R R R R R R D D R D R D R D R D R R R D U L L L U L U L U L U L U U L L L L L L L L L U L L U L U L L L L L R R R R R D R D R R D R R U D D D D D L D D D L D D U U R U U U R U U U U L L U L L L L D L L L R R R U R R R R D R R R R R R R R L R L R L R L R L L L L L D W R R R R R R R U R L D L L R L R L R L R L R L R L R L R L 
64 7 3 200
456 742 881 
D D L D L L R R U U D R U R U R U U D D L D L L D L L L L L L D L L R R U R R R R R L U U U U U R U U D D R R R R R R R R L L L L L L L L L D D D D D R R R R R D R D U L U L D D D D D R R R U D L L L U U U U U L L U R U W W W W W W W W L U U R R R R D R D R D L D D L D D U U R U U R U L U L U L L L L D L L L L L L R R R R R L D D D L D D D D R D R L U L U U U U R U U U L R L R L R L R L R L R L R 
25 73 4 200
940 712 723 3 
D D L D L L D L R U R R U R U R U R U R U R U R U U D D L D L D L D L D D U L D L L U D L L L D L D L D U R U R U R R R R R U R R L U U U U U U D D D D D D L D L D L L L L L L L D L R U R D U R U U U U U U D U D R R R U U L U L L R R D R D D L L U L R D L D D D L L L D U R R R D D R R U U U U U R U U L U D R D D L D D D D D R R R U R U U W L L D L L L U L R D R R R D D D D R D D D D U U U U L U U 
45 4 5 200
237 421 744 569 175 
R R U R U R L D L D L D L D L D L D U R R R D R R R R U R L D L L L L U L L U U U U L U L U L U L U L R D R D R D R D R D D D L L L L D U R R U U U D D D R R R U R U U R U R U R L L L L R L R L R L R L R R R D L D L D L W U U D U D U D U D U D U D U L U L R R R R U R U R L D R R R D U L L L L D L L L D R D R D D D U U U L D W U U U U U U U D D D L L R R D D D L L L R R R U R U R U R U R U R L D L 
8 35 5 200
257 572 399 144 531 
L L D L D U R U R D R R R U R L D L L L D D U U U U L U L R U R R R U R L D L L L D D R D L D D D R D D D U U U L U U U R U R R R R U R L D L D R D D D D U U U U L U L L L L L R R D D R R R R R D R D U R U R U R L D L D L L U L L L L L D D D D L D D D U U U R U U U U U D R R U D R R R D R D R D U L U L U L L L L L U R W W W D D D D L D D D R L U U U R U U U U W W L R L U U U L U U D D R D D D R L 
78 73 8 200
815 299 768 755 552 251 369 599 
U R U R U R L D L D L L D D D D L D R R R R D R D U L U L L L L U L L L L L R R R R R R R R R D R D U L U L L L R R R R R R R R R R D U L L L L L L L L L L U U U U R U U U D D D L L L L L L L L D L D L D L R U R U R U R R R R D D U U R R R R R R R R D U R L L L L L L U L U U U L L D U R R U U R R U R U U U U L U L U D R D R D D D D L D L L D D D R R R R R R R R R R R R R R R R R R R R L L L L L L 
15 19 4 200
0 487 787 473 
L L D L D L D L D U R U R U R R L U L L L L U U L U L L U D R R D R D D R R R R R U R R U R U R R L D D R R R R R R U R L D L L L L L L U U L D L D L L D D D D D D D L D L L L L L L L L L R R R R R R R R D D U U R U R U U U U U U L L L L L R R R R R R R L R L R L R L R L W R D R R R R R R R U U R U R U R R L L D L D L D D L L L L L L L L L D L D L D U R U R U R R U U R R R R R U U D D L L L L L D 
11 55 5 200
479 41 952 113 760 
R D U U L L L R D U L L L R R R U U D D D D D U U U U U U L R D D D D D D D D R R R R R D U L L L L L U U U U U L U L L L L L L U L R L R L R L R L R D R R R R R R D R R R D L W L L L L L L U L U L U L R L R L R L R L R L R L R L R L R D R D R D R R R R R R W L L L L L L U L U L U L R L R L R L R L R L R L R L R D R D R D R R R R R R W L L L L L L U L R L R L R L R L R L R L R L R D R R R R R R W 
89 55 6 200
668 918 119 862 461 53 
D L D L D L D U R U R U R R U U U R U R U D L D L L L L L U L L D U R R D R R R R D D D R R R R D U L L L U U U D D D R R D R R D D U U L L U L L L L L U U U U R U D L D D D D U U R R D D D D L D L D L R L R L R L R L R U R U R U U U U L L D D R U W W W W W W W W W W W D D L D L D L D D U U R U R U R U R U U U U L L U L U L R D R D R R D R R R R L L L L U U U U L R D D D D D L L L L L D L L L U L 
64 86 6 200
422 612 23 518 984 307 
U U U U U U U R L D D D D D D L L L L D L D L D U U U L U L R D R D D R U R U R R R R R R R U R U R L D L D L L L U U U U U U U L U L R D R D D D D L L L R R R D D D L D D R R D R D U R R R U R L D L L L L D D D D D U U U U U U L L U U R U R L D L D D D L D L L D L D L D L R U R U R U R R U U D R U U U L L L L L U L U U L L R R D D R D R R R R R R R R D D D R D D D D D D U U U U U U L U U U R R R 
74 8 6 200
585 941 529 86 637 513 
D D U L L U L L L U L R D R R R D R R R D R D R D U L U L U L R U U U L U L R D R D D D L L L R R L U U R L D D L D L D L D L R D R D R D D U U L U U D L L L D L D D L R U U L U D U U U U L U U L L L D L D D R D R R L L U L U U R U R R R D D R D D D D R R U R R U U R U R U R R R R R R R L L L L L U W R R R R R R R R R U U D D L D D D R R R R D R D D U U L U L L L L U U U L L L L L L L U L L L L L 
27 8 5 200
924 190 262 490 407 
L L D L D L D U R U R U U U U U U U D D D D D D D D L D L D L R R R R R R R R R R D U L L L L L L L L L U R U R U U R U U U U U R L D D D D D D D D R R D R R D R D R D R D R L U L U L U L U L L L R U L L U U U L L L R R R U U U U U U U R U R U R R R D R D D D U U U L U L L L D L L R R U R U R L L L L U L U D U D U D R D R R R D L D L D L D D D D D D D R W U U U U U U U U U U L U L U L R D R D R L 
33 4 6 200
403 107 374 512 405 804 
R R U R U R U R L D L D L D L D L D L D D U L L L L R R R R R L U U U L R D D R U R U U R L D D L D L L L U L R D R R R R D R D U L U L U R U R R R U R R R R U R R R D R L U L L L D L L L L U U U U U L U U U D D D R D D D D D D D R R R R D R R L L U L L L L U U U U U U U D D D D D D L L L D L D L D D U U U U U U U D D D D D L L L L L L L L L D U R R R R R R R R R R U R U U U R L D D L W U R U R R 
6 44 7 200
96 543 465 899 965 402 514 
U U U R L D D R D D R D D U U L U U U U R U R L D L D D D R D R D R D D U U U R U R U U R U U U U D D D D L D D L D L D L L L L D L D L D L D U R U R U R U R L L L L L L D U R R D D D D D U U U U U L R R R R R D D D D L D D U U R U U U U R R U L U U U U U U U U D D D D D D R R R R R R R L L L U D L L L L D L D L L L L D D U U R R R R D D D D D D D D D D D U U U U U U U U U U U U U L D W W W W W W 
38 90 7 200
481 321 705 216 821 126 81 
U U U U U D D D L L R R U U R U R L D L D D D L L L D L L L D U R R R U R R R R R D D R D R D D U U L U L U L R U L L U U U U U U L R D D D D D D R R D D D D L L L L L R R R R R U U U U L L L L L U L L L U D R R R D R R R R R R D R D R D R D R D U L U L U L U L U L L L L L L D L L L D U R R R U R R R D W W W W W W W W W R D D D R D R D U L U L U U U U L L D L L L L L L D D U U R R R R R R U R R R 
51 90 8 200
137 104 872 66 383 876 304 359 
L L U L R U R U R U R L D L D L D D L R R D R D R D R D U R U U L U U U U U U D D D D D D R D D D R L U U U U D U U U U R U R L D L D D D D D D L L L L D L D L D U R U R U R R U L U L U U U D U D U D U D D R W U U U L U L R D R D D R D R R D U L L U L U U U L U L U L U L U L U L R R R R R R R R R R L L L L D D D U U U L L L L L D R D R D R D R D R R R L L L L L L L L L U L R D R R D D D D D D U U 
56 1 5 200
661 318 757 657 149 
U R U R R R D D R D R R L L R R R R R L L L L L U L U U L L L D U D U D U U U L U L U L U L U L L U L U D R D R R D R D R D R D R D D D R R R R R R D U L L L L L L L U U U U U L U L U L R D R D R D D R R R R L R L R D D R D R R R R U U U L L R R D D D L L L L U L U U L L L L D D D D W L L L L U U L L U L U L R D R D R R D D R D U R R D R R R L U U R U R U U U L U U U R U R R U R R R D R R L L U L 
7 24 5 200
574 9 747 163 980 
D D U R U U U U U D R R R L L L L L L L U L U L R D R D R R R R D D D D L L D D D D D D U L R L L L R R L R L R L R L L D U R R R U U U U U R U W R U R U R U R L D L D L D D L L D D L D D L R U U R U U R R U U U U U U R U R R R U U D D L L L D L D D D D D D L L D D U U L L D L L U D R R U R R R R U U U U U D U D U D L L U L L L L U U R U R U U R U R U U U D U D U L U U U U U U U U U R R R D D D D 
92 22 7 200
415 485 445 830 169 193 810 
U R L L L U L R D R R R R R R R U R L D L L L L L L L D D L R U U R R U U U R U R L D L D D D R L L D D R R R R R D R D U L U R L L L D D D U U R R R L L L U L L L U U L L U D U D U R R R R D D D L L L D L L L U U U U U D D D D D R R R U R R R U U U L L U U U U R R R R R R R L L L L L L L D D D D L L D R R R D W U U U U U U U L L U U L L L D U R R R D D R R D D D D D D R R L L L D D U U R R R R U 
97 41 7 200
654 624 33 577 967 840 842 
R R U D L U L L L D L L R R U R R U U U U U D D D D D L D D R D D D D D D R R L L U U U U U U L U U U L U L U L U L U L U L U L R D R D R D R D R D R D R D R R U R L L L L L R R U U U U U U U U U D D D D D D D D D L L L L D L L D L D L D L L L R U D U U L L L D D D R D R L R L R D D D D R R R U U L U U D D R D D L L L U U U U L U L U U U R R R D D R R U R U R U R R U R R R R R R D D L W D L U U D 
20 79 4 200
781 728 953 629 
R R R R D U R R R R R L L L L L L L L U L L U L L L L L L L L U L U L U L R D R D R D R R R R R R R R D R R R R R R R R U R R R U D L L L D L L L L L L U U U L L U L U L U D L L U L U U D D R D R R R D R D R R D D D D U L L L D L U U U U L R D D D D L L L L R R R R R U R R R D U U U U L U L U L U L U D U D U D U D R D R D R D R D D D D L W U U U U U L U L U L U D U D U D U D U L R R R R R U R U R 
72 88 5 200
957 573 412 58 606 
D D D D U U R R R R R L L L L L L L L L L L L R R R R R R R R R R R D R D R D U L U L U L L L L D D U U U L U U U L L U L U L U D R D R D R R L U U R U D L D D R D D D R R R R R R R R R R L L L L L L U U L L U U U U U R U R U U U L U L R D R D D D L D L D D D D L R D R R D D L D D D D D R D R U R R L R U D L L D L U L U U U U U L L U W W R D D R D R D R D R R D D D D L R U U U U L L U L U L U L U 
86 14 3 200
185 172 551 
L L D U R R R L R L R L R L R L R U R R R R R R L L L L L L D D L L L L D D U U U L L L U D R R R U U R L D D D R R R R L R U L W W W W W W W W W W W W W W W W D D D L D D D D R D R D R R R U R U R R R U U D D L L L D L D L L L U L U L U U U U R U U L L L U L U L U L L L D D L L U U U D D D R R U U R R R D R D R R L D R R R D D D R D R D R L L L L R L R L R L R L R L R L R R R U L U L U U U U W W 
8 62 5 200
905 891 762 375 493 
L D D D D U U U U U U U U U U R U U L L L L R R R R D D R R R R R R R D U L L L L L L L L D D D D D D U R R D U L L D R W W W W W W W W W W W W W W W W W W W W W W W W W W R R D D R D D D D U U U U L U U L U L L U L L U L U D R D R R D R R U U R U R L D L D D D D D L L L R L U U U U U D D D D D U L L D U U U U U U U U U U U D D D D D D D D D D R R D R R R U U R R R U U U U L U L U L U L U L U L R 
88 69 8 200
361 15 97 925 677 864 568 504 
L L L U L U L R D D D D D U U U U R D R R R R R R R R R R R L L L L L L L D L D L D D L D D D U U U R U U R U R U R R R R R R U R L D L L L U U U L U U R L D D R D D D L L L D L L L L R R R R U R R U R L D L D L D D D D D D R D D D U U U L U U U U U U R U L R U U L L U D R R D D L D L L L L L L R R R R R R D R D D L D L D L L L D L D D U U R U R R R U U U D D R U R U U L U U R R R R R R U R U R U 
3 51 3 200
150 5 124 
D D D L D L D D U U R U R U U R U U L U D R D D R D D R D D U U L U U R R R R R R R L L L L R L R L D L L D D L D D D D R R L L U U U U R U U R R U R R R U U D D L L L L L L L D U L R U U L R U U U D U D D D D D L U W U U U U U D U D U D U D U R L D D D L L L R R R D R D D R D R D R D U L U L U L U U R R U R R R L L L D L L L L L D U R R R R D R D R D R D R D D D D U U U U L U L U L U L U L L U U 
84 78 5 200
886 519 829 495 380 
U R U R L U L U L U L U L U L R D R D R D R D R D D L L D D D D U U U U R R R R R R R R D D R L U U L L L L L L L L L D D U U R R R U U U U U U R U R U R L D L D L D L L L L R R R R D D D D D R R R R D U L L L L L L L L L D L L L L L L L D D U U R R R R R R R U R R R R U U U U R U R U R U R L U D D L D L D L D D D D L L L L D U R R R R D W W W W W W W W W W W W W W W W W W W W W W W W W W W W W W 
60 95 4 200
799 1 863 158 
R R D R D U L U L U L L U L U L U D R D R D R R R R R U R U U D D L D L L L D D L L L L U U U U L R D D D D R R R L U U R L D D R R R L R U R U R R R D D U U L L L D L D L L D L D L D D D U U U R U R U R U U U U R U D L D D D L L D D D R R R R D R D U L U L L L L U L R L R L R U U R W L L L L L L L R L R L R L R L R L R L R L R R R R R R R W L L L L L L L R L R L R L R L R L R L R L R R R R R R R 
26 89 6 200
32 884 752 59 463 464 
R D U U U L R D D D L D D U U L L U U R U D L D D R R R R D U L U D L L L L U D R R R R U U D D L D L D L D D L D D D U U U R U U U U U L U D U D U D U D R D D D R U R U R U L W W W W U L L L L R R R R R U R L L L L L L L R L R L R L R L L R R R R D D D L D D L L L L L D L D U R U R R R R R U U R U U U R R R U U U U R U R U R R R U U D D L L L D L D L D D D D D R D D L L D L D D R R R R R R R R R 
16 9 8 200
367 770 420 364 664 498 159 64 
D R R U R R U R U R L U L R D D L D L L D L L L L L L D L D U R U R R R R R R U U U U U D D D D R L U U U U L U U R L D D R D D D D R R U R U R U R U R L U U U U L U L R D R D D D D D L D R U U U U U L U U U D L L L L L L L R U U L L L R R R D D L L L R R R R R R R R R D D R D D D D D L L D L D L L D L L L L L R R R R U U U L U U R R R R R U R L D L L L L L D L U L U L R U R U R R R R R R R D R D 
95 63 5 200
468 719 238 682 890 
D D D U U R U U U R U R U U U L L L L L L D U R R R R R R D D D L D L D D D R D R D U L U L L L L R R R U R U R U D L D L D L D D D D D U U U U U R U U R U R U R U U D D L D L D L D D D D D U U U L L L L L R U U U U U D D D D D R R R R R R D R D D L D D U U R U U L U L L U U U U U U L U L U L U L U L U L U L U L R D R D R D R D R D R D R D R D D D D D D R D D D D D D D L D D D D U U U U R U U U U 
40 98 6 200
956 651 191 900 894 655 
R R R R D R D R D U R U R L D L L U L U L L L D L D L D D D R R R D R D U L U L R R D U L L L L L L R R U U U R U R U R R R R R R R R R R U R L D L L L L L L L L D R R R R D R D R D R D R D R D D D U U U L U L U L U L U L U L L L L U L L D L L L L D L R U R R R R R R D U L L U L W W W W W W W W W W W W W W W W W W W W W W W W W D D R D D D D D D R D D D D D D D U U U U U U U L U U U U U U L U U W 
80 3 7 200
62 990 467 686 510 297 205 
U U U U U L R D D D D R U R R R D R D R L U L U L L U U U D D D R D R D D U U L U L L U L U U L U U D D R D D L L L R R R R R R R R R R L L L L L L D D L L D D R D U L U U R U U U D U D U D U D U D D D D W U U U U D U D U D U D U D U D U D U D D D D W U U U U U R R R U R U R U D L D L D L L L D D D D R U R R D D U U L L L L L L R R R R U D U L L D D D D R R R R R U R R R U U D D L L L D L L L L L 
11 77 6 200
227 567 478 704 689 777 
L L L L L L R D D U R L U R R R R D D R D R D D U U L U L U U U R R R R R U R R R D R R R L L L U L L L D L L L D U L L D D D R D R D R D R D R D R L U L U L U L U L U L U U D R R R R R R U R R R R R R R L L L L L L L D L L L L L L L D L D U R U R U U U U U U R U R L D L D D D D D D D D L D L D L D L D L R U R U R U R U R U R R R R R U R L D L L L L L L L R R U U D R R R R R R U R R R R R R U R U 
7 14 4 200
639 827 745 112 
L D L L U U U U U U D D D D D D R R R R R R R R R L L L L L L L U U U L R L U L U L U L R D R D R D R D D D R R R U R L D L L R U U L U U R U R L D L D D R D D L L L L L L D L D U R U R U U D D D D D D D D D D U U U U U U U U L U L R D R R R R U R W W W W W W W W W W W W W W W W W W W W W W W W W W W W W W W W W W W W W W W W W W W W W W W W W W W W W W W W W D D R D D D D D D D U U U U U U R R R 
21 2 6 200
720 386 354 91 765 505 
U L U L R U U U D D D D R R D R R R R R D R L U L L L L L U L U U U L L L L L L L D U R R R R R R R R L D D D R D R R R R R D R L U L U D L L U U U U U L L L L L L L L L U L L L L L L R R R R R R D R R R R R R R R R D D D D D R R R L L L L L D L L L L L D U R R D U R R R U U U R R U R U R U R L D L D L D L L U U U U U L U U U U U U D D D D D D L L L R L R R R R D D D D D D L D W U U U U L U L U L 
0 59 6 200
165 30 570 50 706 249 
R R U D R R R U U U D D D L D R D D D D U U U U L U L L L U U U U U D D D D D D L D D D R R D R D U L U L U D L U U U R U R R R R U R U R U U D D L D L D L L L L U U U L R D D D R R R R R R R R R D R D R D U L U L U L L L L L L L L U U D D R R R R R R R R L L L L L U U U U U U U U D D D D D D D D L L L L R L R L L W R R D R D R R R U R U R R R R U R U R U U U D D D L D D D D D D U U U U U U R U U 
67 98 8 200
516 536 228 545 19 883 432 690 
R R R R R R R U R L D L R R R R L L L L L L L U D R D R D R D R D U L U L U L U L L L D L L U U D D L L L D L L R R D D D U U U U R R R R R R R R D D R D R D R D R L U L U L U L U U L L L L L R D L L L L L D D L D L L D L R U R R U R U L D U R U R R R R R R D D R R D R L U L L U U L U L L L L U L L L L L L R R R R R R D R R D D D L R U U U R R R U R R R R R U R L D L L L L L L W L L L L L L L U D 
95 15 9 200
265 29 811 849 356 236 116 77 209 
L L D L L R U U D L L R R D R U R U R R U R U R L D L D R D D L R R D D D L D D U U R U U U L U U L L U U U U D L R D D D R R D D L L R R U U L L L U L U L U L L R L D D L D L D L L U U U U D D D D R R U R U R U U R R D R D R D D L D D R D R D R L U U U D D D D R D R D R D D U U L U L U D U L U U L U L U U R R W D D D D D D D R D D D R D R D R L U L U L U U U L U U U U U U D L L L U L U L L L L L 
78 92 8 200
812 773 750 659 960 85 102 611 
L L L R R U R R D U L L D L L L L D U R R R R U R U R U R L L L R R D D R D D D U U U L U L U U U D D D R L L L L L L U L R D R R R R R D R R D R D R D U L U L U L L L D D D L D D U U R U U L L L L L R R R R R U R R R R R D R R R R R U D L L L L L U L U U U U U D D D D D L D D D D R D R R R R R R U R U R L D L D L L L L L L U L U U U U L L U U U D D D L D R W R R R D R D R D R D R D R D U L U L U 
16 86 3 200
939 736 961 
L U L U L R D R R R R R R R U R L D L L L L L L U U U U L U L R R R R L R L R L R L R L R L R L L L D R D D D D D R W U U R U R U R U R L R L R L R L R L R L R L R L R L D L D L D L D D W U U R U R U R U R L R L R L R L R L R L R L R L D L D L D L D D W U U R U R U R U R L R L R L R L R L R L R R U D L L D R R U U U U L L U L R D R R D D D D L L L L L U L R D R R D L D L D D W D D R D D D R D R D 
30 98 6 200
955 675 866 879 935 341 
U R D D D D D D U U U R R R R R L L L L L L L L L L L R R R R R R U U U R D D D D D D D D U U U U U R R L L L L L L L L D L D L D D U U R U R U R R R R R D L D D D D R D U L U U U U R U R U U U L L L L L L L D L L R R U R R R R R R D D D D R D R D D U U U D L U L U U U U L L L L L L D L L L L U L L L L L L L L L L R R R R R R R R R R D R R R R U R R R R R R R D R R D R D D D D D R D U R R U R R D 
91 9 8 200
640 958 105 944 595 802 796 501 
L D R D R D D U U L U L U U U U U U D D D D D D L D D U R R R R R L L L D D D D U U U U L L U R U U R R R L L L D L L L L D L D L R L R L R L R L L D U R R U R U R R R R U R R R U R R R L L L D L L L D R W U U U L U U U U U D D D D D R D D R R D D D R D R D L L L D L D U R U R R R L L L D L L D L D D U U R U R R U R R R L L L L L L R R R R R R U L L L L L L L L L L L L D U R R R R R R R R R L L D 
2 69 7 200
772 52 964 457 451 171 805 
R U L L U L R D R R R U R L D L D D L L D L D D D U U U R U R R U U U R L D D D R D R D D R L L L L D L D U R U R R R U U L U L U U U U U U U U U U U U U L U L U L R D R D R D D D D D D L R R R U R U R R L L R L R L R L R L D L D L L D D D D D D L W U U U U R U R U R U R U R U R L D L D L D L D L U U U U U U U R L D D D D D L L L R R R D D D R R R R R R R R R R R R R R D U L L L L L L L L L L L L 
0 18 7 200
945 433 524 349 996 808 627 
D R U R U R U R U R L U U U L R D D D R L D L L L L R R R D R D R D R L U L U L L D L D R R L R L R R R R D U L L L L L L D R D R D D D D L D L R U R U U U U L U L U R U U U L U U U U U U U R U R R L L U U D D D L D D D U U U R L D D D R U R U R U U U L U L U L R D R D R D D D L D L D L D D D D R D D D L U W D D D D D D R D D D D D L D D U U D D D D R R L L U U U U R U U U U U L U U U U U R U U U 
20 93 8 200
393 283 853 715 533 797 260 576 
D R D D R L U U U U U U U U U R L D D D D D L L L L L R R R R R D R R R R R U R L D L L L U U U U U U D D D D D D L D D D D L D D D D D R D D D R R U U D D L L U U U L U U U U U R U U U U L U L L L L D L L D U R R U R R R R U R U R U U R R L L D D L D L D D R R R R R R R R L L L L L L L L D L L U L L L L L L L L D L D L D L R U R U R U R R R U L L L L L L U L U L R D R D R R R R R U U U U D D D D 
12 3 7 200
674 164 696 332 534 70 195 
R D R D R U U U U R L L R R R R R R L L L L L D D D D L U L L L L L L R R R R R R D D U U L U U U U U U U U L U L U L R D R D R D D D D R R R R R R L L L L L L L L L L L L U L U L U L R D R D R D R R R R R R D D D U L L L L L U L U L U L U L U L R D R D R D R D L L L L L D L D L R U R U R R R R D D D U U U L L L D L L D D U U L U U D D D U R R R U R R R R R D U D R R R R R D L W L L U L U L U L U 
7 83 8 200
434 579 230 994 277 285 266 528 
L U L L D D U U R R R R U R L D L L D U U U R U R U U D D L D L D D D D R R R D R L U L L R U U U U U U L U D R D D D D D D L L D L L L L D U R R R R U R R L L U L L L L L U L R D R R R R R D D D R D D R R D D D D L D U R U U U U L L U U L U U U U U U L U L U L U L U L U L R D R D R D R D R D R R R R R L L L L D D D L L L L D U R R R R U U U L U U U U U U U U R U L U U R R L L D D R D L D D D D D 
