100
40 30 4 200
2 539 93 972 
D R D D L L L L L L R R R R R D L L D L D L D U R U R U R R U R U U L L L R R R U R U L U U U U U U U R U U U U U U U D D D D D D D L D D D D D D D L L L R U U U D D D R R R D L D L U W W W W W W W W W W W W W W W W W W W W W W W W W W W W W W W W W W W W W W W W W W W W W W W W W W W W W W W W W W W W W W W W W W W W W W W W W W W W W W W W W W W W W W W W W W W W W W W W W W W W W W W W W W W W 
47 34 5 200
73 336 322 188 353 
U U U U U U U U L U L U L R D R D R D D D D U R R D U L L D D D D L D D D D D D R D R D U L U L U U U U U U L L R R R U U U U U R L D D D D D R R R R R R D D D R D R D R R R L L L U L U L U U U L L L L L L L L U L R D R R R R R R R R D R D U L U L L L L L L L D D L D D U U R U U R L L D L D D D L D L D L D L D L D L D L R R D R R D D R D D D R R D R D R D R D D L L D U R R U U R U U D D L L U L U 
56 31 6 200
594 932 845 658 78 139 
U R D D R D R D U L U L U U R U R U R D D D D R R L L U U U U L D L D L L L D D D D D R D U L L L L L L L D U R R R R R R U R L U U U U U U U L R D D R R R R R R R R R R D D R R R R R D R R R R D R D D R D R L U L U U L U L L L L U L L U D U D U D U D U D U D U D U D U U U D D D L L L U U L L L L L L L L L L D R L D L D D D R R R D R R L L U L L L U L R L R R D D R R L L U L R L R L R U L U U R U 
53 38 4 200
544 198 949 950 
R D R R U D L L U U U U L U U R U R U R R U D L L D L D L D D R D D D D R R U D R D R D R D U R U R U R U R L D L D L D L L U L U L L L U U U U D D D D R R R R L R L U L U U U R R D R R D R D D U U L U L L U L L D L L L L L L L L D L D D L D D L D D U U R U U R U U R U R R R R R R U R U D L L L L D U R L R L D D D L L U U L U U D D R D D R R U U U R R U U U U U U U U U U D D D U D U D U U L U L U 
39 44 4 200
550 218 729 776 
L D L D R R R R R R D R D R D D U U L U U U R U U U U L R R R R R R R L L L L L L D D D D L D D L U L L L U U U D R U U R R L D D R L U U L D D L D D L L L U U L U L U L R U U U R U R L D L D D D D R D R D R D D D U U U U L L L L L L L D D L L L L U L U U R U D L D D R D R R R R U U R R R R R R D D D D D L L L L D L L L U L L U L U L R D R L R L R L R L R L R L R L R L R L R L R L U L U U U L L U 
47 46 7 200
526 638 590 898 506 7 954 
U L L D D L R U U R U U U U D D D D R D W W W W W W W W W W W W W D D L D D D D R D D D D U U U U L U U U R L U R U L L L L R R R R R U U R R U U R U U D D L D D R L L L D D L D L D D D D D U U U U U R U R R R R R R U R U R U R U R U U U U U L R D D D D D L D L D L D L D L L L D D D D D D R D R D D U U L U L U U U U U U L L L L L L L L L L L L U U L L L U L L U D R R D R R R D D R R R D U L L L L 
35 35 5 200
453 698 813 819 645 
U U U R L L L L L L U L U L U L R D R D R D R R R R D D D D D L D D U U R R R R L L L D D D L D D D D R D D L L L L R R R R U U L U U U U R U R R U R L D L L U U U U U U U R D D R R L L U U U U U U L U L R D R D D D D D D R R R R R R R R D U L L L L L L L L L L D L D L D L D L D D U U R U U U U U L L U L U L U L U L U L U L R R R R R L R L R L R L R L R L R L R L R L R L R L R L L L L D R D R D R 
64 35 5 200
129 427 703 419 517 
R R R D D U U L L U U L U L U L R D R D R D D D D D L D D D D R R R R R R L L L L L L U U U U R U U U R L L L L L R L R L L L U L R D R R R R U L L L U L U L U L U L R D R D R D R D R R R D U R R R R D D R D R D L R L R L R L R L R L R U L L R L R L R L R L R L R L R U L U U L L L L D R W W R D D D D U U U U D L L L U L L L L L U L L L L L U L L U L U U L U L U U D D R D R D D R D R R D R R R R R 
56 47 8 200
474 785 426 309 874 540 758 609 
D R D R L R U U R L D D L U L L U U L U L U L U L U U U R L D D D R R R R R L L L L D R D R D R D D L D L D L D L D D L L R R U U R U R U R U R U U U U R U R L D L D D D D R R D D R D D U U L U U R U R U R R U D R R D D D D D D R D D U U L U U U U U U L L U D L D R D D U U R R R R L R L R L R R D R D R D R D R D U L U L U L U L U L L L L L L U L D L D L L L U U L U U U U U U U U U L L L L U U U L 
46 24 3 200
114 214 644 
U R U R U R L U L L L L L R R R R R D D L D L L D D D D U U U U L L L L L L L U L U L R D R D R R R R R R R R U D R D D D D L D L D D U U R U R U U U U L U L U L U L R D R D R D R R R R R L R L R L R L R L R L R L R L R L R L R L R L R L R L L L L L D W R R U R R R R U U R L D D L L L L L L L R R U L U U U R U U U U D D D R R R R D R D D R R D D L D D U U R U R R R R R R L R L U U U U R R R D D D 
43 53 10 200
68 557 837 746 914 492 153 649 520 259 
L U R R R L U D L L L L L D L L L U L R D R R R U R R U D L L D L R U R R R U U U R L D L R D D D D D R D R D R D D U U L U L U L U U U U U R U R U R U R L D L D L D L D D L L L U U D D R R R D D R R D R R D R R R L L L U L L U L L D L D L D D U U R U R U U U R U R U R R R D D D U U U L L L U U U L R D D D D L D L D D L L L L L L L L L L L D L D L D U U U U D D D R U R U R R R R R R D D U U R R R 
60 25 7 200
798 618 850 631 794 366 274 
R U R L D D L D L L L R R U D R R D D U U L U L U L U L U U D D R D R D R D D L D D D D D L L L D U R R R U U U U U R U U R U U R R R R R L L L L L D D L D L D L D U L L U L U L U L U L D D D D L D L D L D D L D D U U R U U R U R U R U U U U R D R D R D R D R R R U R U R U U U R U U L U L L L D L L L L L L R R R R R R U R R R D R D D L D D D U U R R R R D D R D R D R D R D R R D R D R U U U U U U 
58 55 7 200
79 693 656 219 351 628 98 
U R L L D D D R D U L L L L L D L L U D R R U R R R R U U U R R R R R R R R R R R R R D U L L L L L L L L L L L L L L L L L R R R R R R U R U R R U R U D D R D D D D D R D D U U L U U U U U R R R R R U R R U D L L D L L L L L L U L D L L D L D L R D D D D L D U R U U U U L U U U U U L R D D D D D R D D D R D R D D U U L U L U U U L U U U U U U U U U L R D D D D D D D L L L L L L R R R R R R D R R 
72 28 5 200
562 152 106 584 313 
U R L L D D D R D D U U L U U U R R D D R D D L L L L L D U R R R R R U U L U U U U U U R U R U R U R L D L D L D L D D D D R R D D R D R R D R D U R U D L L U L L U L U U L L L L L L L U L R D R R R R R D D R D R L U L U U R R R R R R R U R U R U R U R L D L D L D L D L L L L L L L L U U U U U U U D D D D D R D R R R U U L U U D D R D D D R D R D D U R R R R R U R U U D D L D L L L L L U L U L U 
69 48 6 200
400 974 983 697 80 653 
D L D D U U U U L U L U L U L U L R D R D R D R D R D D R R R R D D D L L L L L L L L L L R R R R R R R R R R U U U L L L L U U L U U U U R U U D D L D D R R R R R R R L L L L L L L D D R D U R R R D R L U L L L U U U U U U L U L U L R D R D R D D D D D D D D R R D D D D D D D L D U R U U U U U U U U U U U U D D D D R D D R D R D D D D D R D R D U L U L U U U U U L U L U U L U L L L D U R R R U U 
73 38 4 200
454 60 413 878 
U R R U R U R L D L D L L L L D L D L L D D D D D D L L L R R L R L R D R R D D D L L L L L L U U U L U U R U R L D L D D R D D D R R R R R R U U U L L U R U U U U U U U U U U U D D L L D U R R D D D R R U R U R R U U U U R L D D D D L L L L D L D U R U R R R R D W W W W W W W W W D D D D D D R D R D D U U L U L U U U U U L L U L U L U L U L U L U L R D D D D D U U U U R D R D R D R D R D R R R U 
28 28 6 200
880 424 55 222 789 790 
D D D L D D U U R U U L L L U L R D R R D D U R R L L D D L D D R D D U U L U L L L U L L L L L D U R R R R R D R R R U R U U U R L U U R U R R R U R U R U D U D D R R U U R U U D D L D D L L U L D L D L L L L L L L U L U L R D R D R R R U R R R R U R L D L L L L D R D L D D L L L L R L D D D D D L L U L R U U L L L L R R R R D D D R R U U U U U R R R U D U D L D D R R D R R R U U U U U U L U L L 
50 62 8 200
127 123 981 678 18 132 141 458 
R R R L L D D D D U U U U U R U R R D D R D R D R D D U U L U L U L U U L L D L D D L D L L L L D L D L L L R R R R R D U L L U R U R R R R U L U U R U U D D L D D R R R D R D U L U L U U U U U U U L U L R D R D D D D D L R L R U U L U L U U L L L L L L L D D D D R D R L U L U U U U R R R R R R R D D R D R D D D D D D L D L D D D D R D D D U U U L U U U U U U L R D D R U R R R R R R R R R R L R U 
34 57 4 200
428 754 888 151 
U U U U U U D D D D D L L L D D D D D L D L D U R R R R R R R R R R R R R R R L L L L L L L L L L L L L L U R U U U U U R R R R R U R U R R R R L U U D D L L L D D D D D L D L D L D L D L D L D L D U R U R R R R R R R R L L L L L L L U R U R U R U R U R U U U U L D L L R D D D D U U U R R R R R R R R L R L R R L L L L L L L L L U U U R R R R R R U R U R U R L R L R L R L R L R L R L R L R L R L R 
27 44 4 200
828 242 711 240 
R R D R D D R R U U U U U U U R U R L D L D D D D D D D L L L L L D L D L D L D L D U R U R U R U R U R U D D D U L L L L L R U U U U U U U U U U U U U U R U R U R L D L D L D D D D D D D D D L R D D D D D R R R R U R R U U U U U U U U U U U U D D D D D D D D D D L U L U L L U L U L U L R D R D R D R R D R R R D R D R D D R L R U U R U U R U R L D L D D L D D L R L R L R L R L R L R L R U U R U U 
61 62 4 200
748 45 206 633 
R D R D D L D L L L R R R U R U U L U U L L L U U D D L U L L D D D D L D L R U R U U U U R R D R R R R D R R R R R R L R D D D R R R U U U L R D D D L L L U U U L L L L U U U U U U D D D D D D R R R R L L L L L L U U L U L U L L L L L D L D L D U R U R U R R R R R R R R R R R U D L L L L L L D R D R D D D D D R D D U U L U U U U U U R U R L D L D D D R R R R R R R R R D R D D R D D L D D D D D D 
40 18 5 200
660 37 75 284 800 
D L D U U U U U U U D D D D D D R R R D R D R D R R U U L U U U U U U D D D D D D R D D L L U L U L U L L D D L D L D D U U R U R U U R U R U R R U D L D D D D R D D D L R U U U U R R R U R R L L D L L L D L U U U U L D L D L L D U R U W W R R D D R D R D D D D D L L D U R R U U U U U L U L U U L U U L U L U L U L U L U L U L R R R L R L R L R L R L R L R L R L R L R L R L R L R L R L R L R L R L 
44 66 3 200
859 604 324 
L L L L L L R D L D D D R D D U U L U U U R U R R R R U U U U U R U R R R U R R U R U U U D D D L D L L D L L L D L D D D D D D R R R U D L L R U U L R U U U D D D D D R D D D D D U U U U U R R R R L R L D D D D R R R U U U R U D L D D D L L L U U U U L L L L L L R D R D D L L D L L L R R R U R R U U U U U U R U R U R U U U D D D L D L D L D D D D R R R R R R R R R R D R L R L R L R L R L R L R L 
65 20 7 200
671 992 832 868 927 603 312 
U L D D D D U L L L R R R U U U U U U L U U U D D D D L L L L R R R R U R R U R L D L D D D R R R R R D D R D D L L L L D D D D R D U L U U U U R R R R U U L U U L L L L L L L L D U R R D D D D D D D U U U U U U U R R L L U D R R D W W W L L U U U U R R R R R R R R R L L L L L L L L L D L L L L D L L L L U U D D R R R R U R R R R D D D R D R D R R R D D L D U R U U L L L U L U R L R L R L R L R L 
32 21 5 200
146 791 469 407 636 
R R L D L L L R R R U R L D L D L D D D D D U U U U U R U R U R R R R U R L D L L L L D L D L D L D L R R D R D D D U U U D D L L L L L L U U D D R R R R R R U U L U L U L U L L L L U L R D R R R R D R R U R U R U R R R U U R U R U R U R L D L D L D L D D L L L D L D L D D D L D L D D D D U U U U R U R U U U R U R U R R R R R L R D D R D D R R R R R D R L D D R L U U U L R L R D D D R R D R R U R 
73 54 4 200
225 807 378 291 
U R L L L L L L L L L D L D U R U R R R R R R R R L D D R D U L U L L L L D U R R R R U R U U U U U R L D D D D D R R R R R R R R D R D R L U L U L L L L L L D R D D D D D D L R U U U U U U L U L L U U U U D D D D R D D D D D D D D L D L D D U U R U R U U U U U U U U R R L L L R D R R D D U U L L U L D W W W W W W W W W W W W W W W W W W W R R D D D L L L L L L U L U D R D R R R R U U D D R D D D 
70 61 4 200
542 224 210 708 
D D U L U U U L U L L L L L L R R R R R R D R R R R R R R R R R L L L L L L U U U U U U L U L R D R D D D D D R U U U U U R U R U R L D L D L D D D D D L D L L U D L D D U U U L U L U L U U L L U L U L R D R D R R D D R D R D R D D D D R U W W D L D D L D L D D R R R R R D D R R D R D R R D R D R D R L U L U L U L L U U U U U U D D D D D L U L L U U L L L L L U U R U R U U U D U D D R D R R L L U 
80 33 9 200
311 917 502 669 360 327 620 998 157 
U L U L R D R L D D D R D D R R R R D R D U L U U D L D D D L D D U U R U U U L L U D L U U L U U U U L L R R D R R R R D R D R D R D R D U L U L U L U L U L L L L D D L D D L L L L R R R R U U R U U R U U U U U U U U U R L D D D D D D D D D L D L L L L L U L L R R D R R R R R U R R R R U R R R R R U R L D L L L L L D L L L U U L U L R D R R R R R R R L L U U U D D D L L L L U U U L R U R U R R R 
79 44 6 200
385 778 928 707 326 298 
R R U R L D L D D D D D D D D U U U U U U U U U L L L L D L L R R U R R U D R R U U R R U R L D L L D D D D L L D L R U R R R D D D L D L D D L D U R U U R U R U U U L U U L L L U L U L U L U L U L R D R D R D R D D D D U U U L U D L D L D U D D L L U U U U R U R L D L D D D D R R R R R D D U U L L L U U R U R R R D R R R D R R L L L L L L L L U D U D U D U D U D U L R D R R R R U U U U U U U U U 
37 71 6 200
670 803 496 882 587 610 
D D D D D D D L L L L D D U U R R R R U U U U U U L R D D R D R D D D D U U U U L U L U U R R U U R U R U R U U U U U D D D D D L D L D L D L R D D D D R D D D D D U U U U L L R R R D D D D R D R D R D R R R U D L L L U L U L U L U U R L U U L U L U U U L L L U U L U U D D R D D R R D R D D U U R R R R R R U R U R U R L D L D L D L L L L U U U U U U U U D U L L U L U U U U R U R R R U D L L L D L 
19 34 5 200
926 256 384 128 272 
U U U U U U R L D D D D D L L R U U U U U L U L U L U U U D D D R D R D R D D D D R R R R R U U R U U D D R R R R D R D R D U L U L U L L L L U D U D U D D D D L D L L L D L L L U L U U U R R R R U R U R U R U D L D U U U U R R R U U D D L L L D D D D L D L D L L L L D D R L D D L R U R D R R R U R R R R D D R D R L U L U U L U R U U U L D D L L L L L D R D D L D L D D U U L L L L L L R R R R R R 
54 72 5 200
806 788 818 25 632 
R U R U R L D L D D D D D D U U U U R R R R R U U R U R L D L D D L L L L L L L L L L R R R U U U U U U D D D D D D R R R R D R D R D R D U L U L U L U L L L L D L D L D U R U R U R R U U U R U R U R U R U R L L L L L L L L L R R R R R R R R D L D L D L D L D D U U U U U D U D U U U L U L U U U U U U U D U D U D U D U D U D U D U D U D U D U D D D D D D D R D R D D D D D D D L W U U U U U U U U U 
24 56 5 200
848 688 281 82 425 
U U R L U U U U L L R R D D D D R R R L L L D L L L L D L D L D U R U R U R R D D D D D D D D D D U U U U U U U U U U L L L R R U D R R R U U U U U U U R U R L L L L L L L L L R R R R R R R R R U R R U R L D L L D L D L D D D D D D D R R R R R R R R R L L L L L L L L L U U U D D D R R D R D R D D L L L L R L R L R L R L R L R L D L D L D L L L L L L D D L D L D L D L L R R U R U R U R U U R R R R 
57 13 5 200
170 865 989 108 162 
R R R R R R L L L L U U U U U D D D L L L L L L U L R D R R D D D D D D D U U U U U U U R R R R D D L D L D L D L D L D D D D R L U U U U R U R U U U U U D D D D R U R R R R R R R L L L L L D D D D D U U U U U L U U U L U L U L U L R D R D R D R D D D L D D L D D D U U U R U U R U R R R R R U U R R L L D D L L L L L D L D L L D L D L L L L L U D R R R R R U U U D D R U R R U R U R R R R U R L D L 
68 69 5 200
647 300 761 931 251 
R D R L L D L L D L D L L L R L L D D U R R D D U U L L U R R R R U R U U U U D D D R R D D R D U L U U U L L L L L U L U L R D R D R R R R R R U U U U U R U R U R R R L L L D L D L D D D D U L L L D L U L U L L L D L D L D L D L R U R U R U R U R R L R L R L R L L D L D L D L D L D U R U R U R U R U R R U U U D D D R D R D R U R U D R R R R R U R U R R R R R R R R U R L D L L L L L L D D D D D R 
47 75 5 200
462 176 662 247 200 
L D D D R D U L U U D R R R U R R R R L L L L D L L L U U D L L U D R R U U R R U R U R L D L D L L D R R D D D D L D L D L D D D U U U R U R U D D U U R U U U U U L L L U L R D R R R U R U R U R U R R U R L D L R L R L R L R L R L R L R L R L R L R L R R D R D R D R D U L U L U L U L L L L L L L L R R R R R D L D L D L D D L W L D L L L U L U L R D R D R R R U U U U U D U D U U U D U D U D U D U 
22 23 5 200
314 498 410 906 530 
D D D D U U U R U U R U U D D R R R R L L L L L D D D D D D D R D D D D U U U U L U L L R R R R R R R D D D R R R L R L R D U L R L R L R L R L R L R L R L R L R R D U L L L L U U U L L L L L U U U U U R U R L U U U U U D U D U D D D D D D L D L U W U U U U U U U U R L D D D D U U U U U R L D L L L R R R D D D D D L L L U D U L L L L L L U U R R R U R R L L U U U U D D D D D L L L D D R R R R R R 
30 68 7 200
986 446 443 650 196 912 563 
U U U R L D D R R R L L L U U L U L R D R D D L L D L D U R U R R R R U R L D L L L L D D R D D R D D U U L U U L U U R R R U R U D U R R D D D R D D D D D D D U U U L L D L L U D R R U R R U U U U L U U U L L D L D R R D R D U L U L L L L L D D D R R R R D R R D D R D R D D U R R R L R R L L L L U L L L U L L L D U R R R D R R U L U U L L U L U D L L D D D D D L L L L L D U R R R R R U U U U U R 
18 47 4 200
976 847 774 444 
R R R U R L D L L D D D D R D D U U L U U U U U U U L R D D D D L D L D L R U R U R U U U R U R L D L D D D L L D D L D L D L D U R U R U R U U R R D R R R R L L L L U U U U R L D D D L L D L L U L L R R D R R U R R U U U U R L L L L L L U L U L R D R D R R R R R R R R R R R R R R R R U R U R U R L D L D L D L L L L L L L L L L L D D D D L L L R R R U R R R L R L R L R L R L R L R R D R D R L U L 
37 11 7 200
403 600 852 962 278 877 870 
R D D D D U U U U R R U R L D L L U U U L R D D D R D U L U U U U U U U U L R D D D D D D D D D D D R D D R D R D R D R D U L U L L L U L L L D U R R R D R R U L U L U U L U U U U L L L R R R D R R R R R R R R R R R D U L U U D D L L L L L L L L L L L W W W W L D D R D D U U L U U U U U U U U R U R L D L D D D D D D U R R R R R D R R R L L L U L L L L L D R W W W W W W W W W W W W W W W W W W W W 
71 15 5 200
130 823 630 290 566 
U U L D D L D L R U R U U L L L L L L L L U L R D R R R R R R R R R U D D L D L D L D L D D D L R U U U R U R U R U R R L L R L R L R L R L R L R L R L L U D R R R R D R D U L U L L L L L L L U L U L U R R U U U L L U L L D L D U R U R R D R R D D D L L D R D R D R R R U D R R U U U U U U U R U R L D L D D D D R R R R R R L L L L L L D D D D L R L R L R L R L R W L R L R L R L R L R L R L R L R L 
63 75 4 200
733 775 491 547 
L U L L D L D U R U R R D D D D L D D D U U U R U U U U R U U R U R R R U D R R D R R U U U L L R R D D D L L D D L D D D L D D U U R U U U R U U U L L L L L L L L U L R D R R R D L D D R R D R D D R D R D U L U L U U L U L L L D R W W W W W W W W W W W W W W W W W W W W W W W W W W W W W W W W W W W W W W W W W W W W W W W W W W W W W W R R R D D R D R D D U U L U L U U L L U L L L U L L U D R R 
80 58 9 200
597 184 795 680 57 296 504 317 665 
L L L D U R R U U U U R L D D D D D R D D U L R U R U R U R U R U R R L L D L D L D L D D U U U U R U R U R U R L D L D L D L L L R R R R R U R R R D U L L L D L D D D D L D D D R D D U U L U U U R U U L R U U R U U U R U R U R U R L D L D L D L D D D L L L L L L L L L L D L L L L R L R U U U L L L D L D D U U R U R R R D D D R R R U R R R R R R R D D D R D D R D U L U U U U U U U U R L L L L L L 
14 28 3 200
701 747 889 
R R R R D R L U L L L U L L L L D D R D U L U U R R R R U U R U R L D L D D D R R L R L R L R L R L R L R L R L R L R L R L R L R L R L R L R L L L W R R R L R L R L R L R L R L R L R L R L R L R L R L R L R L R L R L R L L L W R R R L R L R L R R D R R R D D D D D R R L L U U U U U L L L U L U U D D R L R U R U R R U R R R R D R D R R R D D D L L L L L R R R R R U U U L L L U L U L L L L D L L D 
39 81 6 200
401 875 820 417 208 414 
R D D D L D L D D U U R U R U U U D L L L L U L L U L R D R R U U D D D R R R R D D D R D R D R D U L U L U L U U U L L L L L L U L U L U L L L L U L U U U D D D R R L D L R U U R L D D R R R R U R R U R U U R U R L D L D D L D L L D D R D R D R R R R R R R R R L R L R L R L R L R L R L R L R L R L R L R L R L L L U L W R R R R D R D R R D R D R D D U U L U L U L U R U R L D L D L U L U U U U D U 
86 47 8 200
379 252 613 293 710 186 919 439 
U U L U D R D R R D D D U U U L L U U U U L R D D D L L L U L R D R R R D R R D R D R D R D D D D D R D R D D R D D D U U U L U U L U L U U U R R L L U U L U L U L U L L U U L U L U U U L R D L L L L L L L L L R R R R R R R R R R R L L D D R D R D D L D D L D L D U R U R U U R U R L D L D D D D R D D U U L U U U U R R U R U R U R U R D D D R D D D R D D D R D D U U L U U U L U U U L U U U L D L D 
55 81 9 200
371 268 936 441 72 897 189 612 110 
U U U D D L L L R R R R R D R D D D U U U R R L L D D D D D U U U R R R L R L R L R L R L R L R L R L R L R L R R R L L L L L U U U U U D U D U D R R R R R R U R U U U L L L L L L L R R R R R R R D D D L D L L L L L L D D L U L L L D U L U L R D R R D W R U R U R U R U R U R L D L D L D D D D R D D D U U U L U U U U D L D D D D D D U U U U U L L L R L R U U L L L L L L D L D L L L U U L U L U D R 
32 77 4 200
731 429 793 76 
R U R U R U R L D R R R R L L L L L D R D R D D D L D L R U R U U U L U U D L L D D D D D D D U L L L L L L R R R R R R D D D U U U U U U U U U U L U L U L R D R D R D D D R R R R R R U R L D L L L L L L U L W W W W W W W W W W W W W W W W W W W W W W W W W R D D R D D D D D R D R R L R L R L R L R L R L R L R L R L R L R L R L R L R L R L R L R L L U L U U U U U L U U L W W W W W W W W W W W W W 
17 59 10 200
440 861 860 930 497 942 270 749 267 676 
U U U L L R R R R U R L D U R U U R U U D D L D D L D L L D D L D L D D L D L D D L D U R U U R U R U U R D D D D R D D D D R R D D U U L L U U U U R R U R L D L L L U U U U U R U U R U R R U D L L D L D D L D L D D L D D U U R U U R U L U U R U U R R U R U R U R U U R R R U R L D L L L D D L D L D L D L L D D L D D L D D U U R R R R R R R L U U U U D R D U U U R U R U R U R R U D L L D L D L D L 
82 20 6 200
355 780 347 117 885 933 
R U R U R R D R D D L R U U L U L L U U R U D L D D D L D D D D L D L D U R U R U U U U U U U U L U L U L L U U D D R R D R D R D D D L L L L L L L L L R R R R R R R R R R R R U R U R U R U D L D D D D R D D L L D L D D U U R U R R U U L U U U L D L D L L L L L L L L L U L L U L U U R R R D U L L L D D R D R R D R D D D D L D D D D U U U U R U U U U R R R R R U U U R U R U R U R U R U D U D U D D 
46 84 5 200
47 352 614 507 216 
D D L D L D U L L L U U L L R R D D R R R R U R U R U U U R U R U U L L U L U L U D U D U D U D U D U D U D U D U D U D U D U D U D U L R D R D R D R R D D L D L D D R R R R R R R R L L L L L L L U U L L U L U L U L U L L U U L U L R D R D D R R D R D R D R D R R D D L D L L D L L R R U R R U U U R U R U U L U D R D D L D L L L L L L U U L U L U L R D R D R D D R R R R R D D D L U W U U U U U D U 
90 36 6 200
33 115 643 264 907 646 
U U U R U R U R L D L D L D L L L L R R D D D U U U R R U U U U U U R L D D D D D D D L D D D D D D L D D D U U U R U U U U U U L U L U L U L U L R D R D L D D D D D R D D U U L U U U U U R R D R D R R R D D L D U R U U L D W W W W W W W W D R D R D D D D R D D U U L U U U U R R U U L R D D D D R D D D R D R D D U U L U L U U L R U L U U L R U U U L U U U R R L R L R L R L R L R L R L R L R L R R 
70 79 4 200
404 387 580 753 
U U U U L U L R D R D D D L D D D L D U R U U U L U L U L L D D L L L D D L D D D D R D R L U L U U U U R U U R R R U U R R D R D R R U U R R R L L L D D L L L R L R L R L R L R L R L D L L L L D U R R R R U R R R R R R R R R R R D D R D D D R D R R R D U L L L U L U U U L U U L L L L L L L L L L L U L L U L U L L L L L R R R R R D R D R R D R R R R R R R R R R R L R L R L R L R L R L R L R L L L 
64 7 3 200
456 742 881 
D D L D L L R R U U D R U R U R U U D D L D L L D L L L L L U L R U U L L R R D D D R L R L R D D D D D L L L L U U U U D D D D R R R R U U U U U R R R R U R R R U U U L L U L U L R D U U L R D D R D R R R R R U R L D L L L L L L U L R D R R R D D D D D R D R D D U U L U L U U R R R L L L D D R D D U U L U U L L L U L L L L L U L R D R R R R R D D D L D L D D D R L U U U R R L R D R R R R R R R R 
25 73 3 200
712 3 489 
R D D U L D L L U D L L L D L D L D U R U R U R R R R R U R R L L D L D L L L L L D L R U U U U U U U U U D D D R U L R D L D D D L L L D U R R R D D R R R R R U R U R R U U L U U U R U U U U U L U L U U D D R D R R L R L R U R R U U R R U R R R R D D L D D U U R U U L L L L D L L D D L L D L L L L L L L R L D D D D L L U U U U D D D D R R U U U U R R R R R R U U R R R D R R D R R R R U R R L R R 
45 4 5 200
421 744 237 809 569 
L L L D L D L D U R U R U U D R R U R U R R U R R L L D L L L U L R R R R U R U R D D D U U U L D L D L L L D R D R D D L D L D L D U R R R D R R R R U R L D L L L L U L L U R U R U U L L L U L U L U L U L R D R D R D R R R R R R L L L L L D R D D R D U R U U U U U U U R U R U R U U U D D D L D L D L D D D R R R R R L L L L L D D D D D U L R U U U U U U U L U D R D D D D D D D L L U L L L L L R L 
8 35 5 200
257 572 399 144 593 
L L D L D U R U R D R R R U R L D L L L D D U U U U L U L R U R R R U R L D L L L D D R D R W W W W W W W W W W W W W W W W W W W W W W D D D D L D D U U R U U U R U R U R U R L D D D D D D U U U U U L L L L L L R R R R R D R D R D R D U R U R U D U D U D U D U D U D U D U D U R L D L D L L U L U L L D L L R D D D D D D U U U U U U L L U L U L U U U U L U U U U D D D D L L D U R R R D U D U D U D 
78 73 6 200
815 299 755 15 65 369 
U R U R U R L D L D L L D D D D L D U L L L L L R R R R R R R R R D R D U U R U R L D L D L U L L L U U U U U L U U U L L U L L U L U D U D U D U D U D U L R D R D D R D D D D D L D U R D D D D D R D D D U U U L U U U U U U U U U U L U R R D R R D D D R D R R D R R R R U D L L L L U L L U L U U U L L D U R R U U U U U U U U U R L D D D D D D D D D R R R R L L L L D D D R D R R R R R R D D R D D R 
15 19 4 200
0 487 664 787 
L L D L D L D L D U R U R U R R L U L L L R U U U L U L U L U L L D D U U R R D R D R D R D D D R R R D R D R D R D R L D D R D R D R D U L U L U L U U U L U L U L U R W W W W W W W W W W W W W W W W W W W W W W W W W W W D D D R D R D D R D R D R D D U U L U L U L U U L U L U U R U U R U R U D D R R R R R R U R L D L L L L L L U L D L D D L D D L D D D L D U L L L L L L R U U L L L L D D D U U U 
11 55 6 200
479 41 113 952 303 760 
R D U U L L L R D D D U U U U U U L R D D D D U L L L R R R U U D L L L L L L R R R R R R D R R U U U U U U U U R L D D D D D D D D D U U U U U U U U R L D D R R L L D D D D D D R D D D D L D L L U D R R R R R L L L U R U U U U L U L U L L L L L L L L U L R L R L R L R L R L R L R L R L R L R L R D R R R R R R R R D R D L W L L L L L L U L U L U L R L R L R L R L R L R L R L R L R L R L R L R L R 
89 55 5 200
668 862 53 461 903 
D L D L D L D U R U R U R R U U U R U R U D L D L D D D R R R D R R D D U U L L U L L L L L U U U U R U L L U L R D R R D R R R R D R L U L L L U U D D L L D D D D D D L D L R U R U U R U W W W W W W W W W W W W W W W W W W W W W W W W W W W W W W W D D L D L D L D D U U R U R U R U R U U U U D R R L L D D D R R R D R R D D R D U L U U L L U L L U U D D L L U W W W W W W W W R D R R D D D R D D D 
64 86 4 200
422 518 307 345 
U U U U U U U R L D D D D R R R R R L L L L L U U U U U L U L R D R D D D D L L L R R R D D R L D D L R L L L D L L L L L L L L D D D D R D R R R L L L U L U U U U R R R R R R R R R L U L L U L U L U U L L R R D D R D R D R R R R D D R D R D R D R D D D U U U L U L U L U L U U L L U L U L U U U L U L L L U U D D D D D L D D D R D U L U U U R U U U R R R D R D D D D D D D L D D L D D L D L R U R U 
74 8 6 200
585 941 529 86 637 977 
D D U L L U L L L U L R D R R R D R R R D R D R D U L U L U L R U U U L U L R D R D D D L L L R R L U U R L D D L D L D L D L R D R D R D D U U L U U D L L L D L D D L R U U L U L U L R D R D R R U R R U U U U U U D U U L U D U R R R U R U U U U L U L L U L L L L R R R R D R R D R D D D D L D L L L D R L L L L L L L L L R R R R U U U U U U U R R L R L L L L U U U U R R R D U U D U D R D D D R R R 
27 8 6 200
924 765 190 364 405 262 
L L D L D L D R R R D R D R D D U U L L R U L U L L L U R U R U U U U U U U D L L L L L L L R D D D D U U U U R R R R R R D D D D D R D R R R D R D D R D R D R R R R R R R R R R R L L L L R L R L R L R L R L R L R L R L R U R L D L L U L U U U U U U U D D D D D D D R D L L L L L L U L U L U U L U L L L U L D D L D L D L R R R R R R R R R D R L U L L L L L L L L U R U R U U R U U U U U R R R U R R 
33 4 4 200
107 490 512 354 
D D L D D U L L L L R R R R R R D U L L U L L L U L U L U L U L U L U L R D R D R D R D R D R D R R R R R D R D U L U L U R R R R R R R R R R U D U D U D U D U D U D U D U D U D U D U D U D R R R U U L R D D L L L L L L L L L L U U U U U U U U U U D D D D D D D D D D L L L U L R L U R R D D L D D L L L L L L L L U L U D U D R D R R R R R R R R U U R U U L L D R W L L L L L L L L L L L U L U L R D 
6 44 6 200
543 96 899 514 402 465 
R D R D D U U L U U U U D D D R D R D R D D L D L L D L R U R R U R U U L U L U L L W W D R D D D D D L D D U U R U U U U U U U U U U U U U R L D D D D D D R R R R R R R R L L L U D L L L L L D D L D L L L L L D U R R D D D D D U U U U U L R R R R U R U U R U R U U D D R D R D R U U R U U U U D D D D L D D L U L U L L D L D D L U W W W R R D D D L D L D L R L R R D R D R D D D D L L L L L U L U U 
38 90 5 200
481 321 705 81 330 
U U U U U D D D L L R R U U R U R L D L D D D L L L D L L L D U R R R U R R R R R R D R D R D D D U U U L U L U L D D D D R D R D D R R R U U D D L L L U U L U L U U L D L D L L L U L L L U D R R R D R R R R R D R D U L U L L U R U R U U L L L D L L L L L L D D U U R R R R R R D D D R D R D D U U L U L U U U U L L U L L U L U L R D R D R R D D D D R D D D D L D D D U U U R U U U U L U U U R R R R 
51 90 7 200
137 104 304 66 23 946 394 
L L U L R U R U R U R L D L D L D D L R R U R R D R R D U L L U L L U U U U L U L U L U L U L R R R R R R R R R R L L L L D D D U U U L L L L L D R D R D R D R D D D D D D R D R D R R D R L U U U U D D R R L L D L L L D L D U R U R U U R U R U R R R R R R D R L U L L L L L L D D D U U L U U L R D D D L D L L R L R R U U U L L L L L D L D D D U U U L L L L L U U L U L U L L U L U D R D R R D R D R 
56 1 4 200
661 318 757 149 
U R U R R R D D R D R R R R R L L L L L U L U U L L L U U L U L U L U L U L L U L U D R D R R D R D R D R D R D D D R L R L R L U U R U U R R R U R R U R R D U L L D D D D D D D U U U U U U L L D L L L D D L D D D D R L U U R U R U R U R U U R R U U U R R R L L L D D D L L D D L D L D L D L L U U U U R R R R R L R L R L R L R L R L R L R L R L R L R L R L L L L L D D D D D W R L R L R L R L R L R 
7 24 5 200
574 349 9 531 450 
D D L L L L L L L R R R R U U U U L U U U L U L R D R R R R R R D L L D U R R U U U U R U U U D D D R R R R R D U L L L L L L D D D L L L L L D D D R D D D D R R R R D R D D R D R D R D R D R D D D D U U U U L U U U D D L U L U L L L R R U L U U L U L U L U U U R R U R U R L D L D L L D D D L L U L L L L D D U U R R R R D R R R R D D D D U U U U L L U L U U U R U R L D L D D D R D R U W W W W W W 
92 22 7 200
415 830 485 445 193 169 438 
U R L L D D R R R R R D R D U L U L L L L L U U L U L R D R R R R R R R U R L D L L L L L L L D D L R U U R R U U U R U R L D L D D D R L U U U U U L R R R R R R R L D R D D D D D D L L D L D L D U R U R R L U R R U U U U U U L U L L L L L D D D L L L L L R R R R R D D L D D D D D R R R D R R R D D D D D D R D R L U L U U U U U U L L L U L L L U U U U U U U U L U L U U U U U U U U U U U U U U U U 
97 41 8 200
654 624 577 46 840 716 42 842 
R R U U U U U L U L R D R D D D D D L D L D L L L L L U D R R R R R R D D D L D D R R L L U U R U U U L U L U U L U L U L U L U U U L U L L R R D R D D D R D R D R D R D D R R U U U R L L L L L L L D L L D L D L D L D D U U R U R U R U R R U R R R R R R D D D L L L L L L L L L L L L R R R U U U U U U U U R L D D D D D D D D R R R R R D D U U R R U U U U U U U U U U U U D D D D D D D D D D D D R D 
20 79 3 200
736 781 388 
U U U U U U U U R U R L L L L L U L L R R D R R R R D L D D D D D D D R R R D R D U R R R R R L L L L L L U L L L L U L L L L L L L L U L U L U L R D R D R D R R R R R R R R D R R R D R D R D R D D L D L D D D R R R R R R R U R L D L L L L L L L U U U R U R U U L U L U L U L L U U U U L U L U L U L U L U L U L R D R D R D R D R D R D R D D D D L D D R R R U U D D L L L D L D D L D L D L R U R U R 
72 88 7 200
812 573 412 957 58 575 14 
U U R U R U R R D D D R D D D U U U L U U U L L D L D L D L D L D L L L L D L R U R R R R R R R R R D R D R D R D U L U L U L U L L L D D D U U U L L U D L L U U U U L U U R R R R L L L L D D R D D D D R R R R D D D U U U R R R R R R R R R R R R R R R R U R U R L D L D L L L L L L L L L L L L L L L L L L U R U R U U U U U U U R L D D D D R R R R R D R D D R D R D R D R D R D R D U L U L U L U L U 
86 14 4 200
185 172 591 116 
L L D U R R R L R L R L R L R L R U R R R R R R L L L L L L D D L L L L D D U U U L L L U D R R R U U R L D D D R R R R U U U U U L R R R U R U U R U D R R U U R U R U D L D L D D L L L D D L D L L U L R D D D D D D R R R D R D D R R R R R U U U U L R D D D D L L L L L U R D R D D D L L L D L D U R U R R R U U R L U L U L U L U L L L U L W W W W W W W W W W W W W W W W W W W W W W W W W W W W W W 
8 62 4 200
165 905 706 762 
L L L D D L D R R R D U L L L U R U U L L L U D R L U L L D U R R D R R R R R D D R R R D U L L L R L R L R L R L R L R L R L R L R L R L R L R L R L R L R L U U R W W W W W W W R R D D R D D R D D U U L U U L U U L U U U L U L U L U L U L U D R D R D R R R R R R R R R L L L L L L L L D R D R D D D L W W W W W W W W W R R D D R D D D D U U U U L U U L L W W W W W W W W W U L U L U L U L R D R D R 
88 69 7 200
361 677 864 568 179 768 97 
L L D D D D D D D U U U U U U U R D R R R R R U R U R R R L L U U U L U L R D R D D D L D L D L L L L L L L R R U D R R R U R U R L D L D L D D D D D D R D D D U U U L U U U U U U L L L U U R U R U D L D L D D L L L R R R R R R D R D L D L D U R U R U L U L L L D D D D D R D D D D D D L D U R U U U U U U L U U U U L L L L L R R R D U R R U R U U U R U U R R R U R R U R U R U R U U U R U U L U L U 
3 51 4 200
570 5 150 124 
U U L U L U L R D R D R D R R R U R R R D R R L L U L L L D L L D D D U U U L U U U U R L D D D D L D D D D D L D D U U R U U U U U R U D R D D R D D R D D U U L U U L U U L L L U L R D R R R D D R D R D R D U L U L U L U U R R U R R R L L L D L L L L L D U R R R R R D R D R D R R D D U U L L U L D L D D L D D D D D R R R R U U D D L L L L D D D D U U U U L U U D U L L D D D L L D D D D D D D R D 
84 78 5 200
886 599 829 558 380 
U R U R D R R D R D R R R R R R R L L L L L L L U L U L L U L D L L L D D U U R R R U U U U U U R U R U R L D L D L D D D D D D R R R R R D U L L L L U U U U U U U U U U U U D D D D D L R D D D D D L L L L R R R R R R U R U R U R U R L L L U L U L R D R D R R D L D L D L D L L L L U L U L U L R D R D R D R R D D R R R D U L L L L L L L L L R L U U L L U L L L D U R R R D R R D D D L L L L L L L D 
60 95 5 200
799 1 863 158 282 
R R D R D U L U L U L L U L U L U D R D R D R R R R R U R U U D D L D L L L D D L L L L U U U U L R D D D D R R R L U U R L D D R R L L D D R R R R R U R U R L D L D L L L L L L D D D U U U R U U R R U U U U R U D L D D D R D D R D R D D U U L U L L L L L D L L L L L L U L R D R R R R R R U R R R R U U U R R U U U D D D L L D L L W W W W W W W W W W W L L L L D D D D R D R L U L U U U L L L L L L 
26 89 7 200
32 59 752 884 463 464 126 
R D R D U L U D L L L L U D R R R D D U U L L U U R U R L D L D D R R R U U D D L D L D L D D L D D D U U U R U U U U U L U L R D R D D D R U R U R U U U R L L L L L L L L R R R R D D D L D D L L L L L D L D U R U R R R R R U U R U U U R R R U U U U R U R U R R R U U D D L L L D L D L D D D D D D L R L R L R L R L R R D R R R R R R R D U L L L U U U U U D D D D D L L L L D L D L D D D L D L D L D 
16 9 4 200
367 770 420 159 
D R R U R R U R U R L U L R D D L D L L D L L L L L R L R L R L R L R L R L R L R L R L R L R L L D L D U R U R R R R R R R R U R U U R R U U U U U L U U U D L L L L L L L L L R R R R R R R R R D D R D D D D D L L D D L D L L L L L L L U U L U U U U U U U L U L U L R D R R U R U R R U R U R U R U R R R L L L D L D R L R L R L L D L D L L D L D L D R D D D D D D D R D D R R R U W U U U U R U U R U 
95 63 6 200
719 468 238 925 682 302 
R D R D R D L L L R R R U U U U U U U U U L L L L R L R L R L R L R L R L R L R L R L R L R L L L D U R R R R R R D D D D D D D D L U L L L L R R R U U R U R L D L D D D D L D D D U U U R U U U U U U R U R U R L L U L R D R D L D L D D D D D D D U U U L L L L L R R R R R R D D D D D D D L D D D D U U U U R U U U U U L R U U U U U U U U U U U U R U R L D L D D D D D D D D D D L U L W U U U U U U U 
40 98 4 200
956 894 822 691 
R R R R D R D R D U R R R U R U R U R L D L D L D L L L L L L R D D D D D D D D D D D L D L D L D D U U R U R U R U U U R L U U U U U U U U L L R R R R R L R R L L L U L U L L L D L D L D D L D L D L D L D L D D L D D U U R U U R U R U R U R U R U R R R R R R R R R R L L L L L U U L R D D R R L R L R L R R D R R D R R D R L U L L U L L U L L R L R L R L R L R L R L R L R L L L L L L L U R U R U L 
80 3 11 200
62 990 205 686 510 467 513 796 501 297 40 
U U U U U L R D D D D R U R R R D R D R L U L U L L L D L L D D R D U L U U R U U U U R R R U R U R U D L D L D L L L D D D D R U R R D R D D U U L U L L U L U U L U U D D R D U R R D U U U R L D D L L D D R D R R R R R D R D D D R R R U R U R U R U R L D L D L U L U L R R R R R U R L D L L L L D R D D L D L L L U U U L U L L L L L L L L U L R D R R R R R R R R U R D D D D D U U U U U U U U D U D 
11 77 5 200
227 567 478 777 779 
L L L L L L R D D U R L U R R R R D D R D R D D L L L L L D L D L R U R U R R R R R U U R R U R U R L D L D L L L U L L L R R U U D R R R R R R U R R R R R R U R U R R L L D L D L L L L L L D L L L L L L L L L D D D L L D U R R U U U R R R U U R R U R U R U R U R R U R U R U D L D L D L L D D D D D D L D D D R D D U U L U U U R U U U U U L D L D L D L L L R D R W W W W W W W W W W W W W W W W W W 
7 14 5 200
639 524 827 112 70 
L D L L U U U U U U D D D D D D R R R R R R R R R L L L L L L L U U U D D D L D L L D L D L L R R U U U U U U U D U D U D U D U D U R U U L R D D L D D D D D D R U R R U R U D R R R U R L D L L R U U L U U R U R L D L D D R D D L L L L D D R D D L R U U L U U R D D D D L L L L U U U R U U L R D D L D D D R R R R R D R D R D D L L L L L L D L D L R U R U R R R R D D D U U U R R U U L U L U L U U U 
21 2 6 200
720 386 91 505 195 534 
U L U L R U U U D D L L L L R L R L R D R D R D R D R R U U U U L U L U L L L L L R R R R R D R D R D D D D L L U L U L U L U L L L R R R R R R R U R L L L L L L L L L L L U L U L R D R D R R R R R R R R R R D L D D R R D R R R R R L L L L L D L L L L L D U L L L L L L L L L L L L L L L L U U U L U U D D D U R D D D R R R R R R U U U R L D D D R R R R R R U U U L L L L L L D L L U U U U L U L U D 
0 59 4 200
30 50 475 249 
R D R D R D R D R D U L U L U L U L U U U U U U D D D D D D D D U U U R R R U U U U R R R L L L D D D D L L L D D U U R R R R D D D D D R D D U U R R D R D R R D D D D D U U U U U L L U L U L L L U U U U U L L L U U D D R R R R R R R R L L L L L U U U U U U U U R U R R R R R R R R D D L L R R U U L L L L L L L L D L D D D D D L L L R R R R R L R D D R D R R R U R U R U R R U R U U U U U R U U R U 
67 98 7 200
536 228 516 883 606 19 372 
R R R R R R R R R R L L L L L L L U D R D R D R D R D U U U R U U D D L D D L U L U L U L L L D L D L L L L L D D D L L L D L R U R R R U U U R R R R R R R R R R R R R L U U U L R D D D L L L D D R D D D D U U U U L U U L L L L L R L R L R L R L R L D L D L D L R U R U R U R R R R R D R D R D R D R L U L U L U L U L L L L U L R R R R R D R R R R R R R R L L L L L L L L U L L L U D L L U U D D L L 
95 15 6 200
265 811 849 356 77 29 
L L D L L R U U D L L R R D R U R U R R U R U R L D L D R D D L R R D D D L D D U U R U U U L U U L L U U U U D D D D R R D D D D D D R D D D D U U U U L U U U U U U L L L D L L D U R R L D D R D R D R L L L L R L R L R L R L R L R L R L R L R L R L R L R R R U L U L U U R R W W W W W W W W W W W W W W W W W W W W W W W W W W W W W W W W W W W W W W W W W W W W W W W W W W W W W W W W W W W W W W 
78 92 6 200
773 960 626 659 85 611 
R U L L D L R U L L R L R L R L R L R L R L R L R L R L L D L D U R U R R R R R U U R L D L L L L L L U L R D R R R R R R D D R R D R D U L U L L D L D L D L D U L L L U L U U D D R D R R R R U R U R U R R R R R U R U R U R R D D D U U U L L D L D L D L L L L L U U U U U L R D D D D R R R D R R R R R U D L L L L L U L L L U U U L R D D D D R R D R D R D R D R D R D U U U U U U R R R U D L L L D D 
16 86 4 200
939 961 953 449 
L U L U L U U U U R R R R L R L R L R L R L R L R L R L R L R L R L R L R U R R U R R D D U U L L D L L D L L L L D D D D R D R D D R D D U U L U R W W W W W W L D L D L D L D L D D R D R L U L U U R U R U R U U U U U U U U D D D D D D D R R R L L D L D L D L D L D L L D D D D D U L L U L R D R R U U U U U U U U U D U D R R R U U U U U U L U U L U L L L R R R D R D L R L U U L L L L D D R R D U L 
30 98 8 200
955 675 866 715 879 935 341 528 
U R D D D D D D U U U R R R R R L L L L L L L L D L D U L U L R D R R U R R R U U U R D D D D D D D D U U U U U R R L L L L L L L L D L D L D D U U R U R U R R R R R D L D D D D R D U L U U U U R U R U U U L L L L L L L R L R L R L R L R L R L R L D L L R R U R R R R R R R R D D D D D D D U U U U U U U L L L L L L L L D L L L L U L L L L L L L L L L L L L D L D U R U R R R R R R R R R R R R R D R 
91 9 7 200
640 105 958 802 944 642 416 
L D D D D R D D U U R L L U U U U U U U U U D D D D D D L D D U R R R R R D R D U L U L L L D D D D U U U U L L U R U U R R R L L L D L L L L D L D L D L U U U U U U U D D D D D D D R U R U R U R R R R D R D R R R D R R D R D D D D D U U U U U L U L L U L L L U L U U L U L U D U D D L L U U U L U U R R U R U U U R U R U U U U R R R U R R L L D L L L D D D D L D L D D D L D R R U R U R U R U R L D 
2 69 9 200
772 52 964 457 891 493 171 376 451 
R U L L U L R D R R R U R L D L D D L L D L D D D U U U R U R R U U U R R R R R D U L L L L L D D R R R D R D D R D R R D R D R D U L U L U L L U L U U L U L L L U U U U U U U U U U U U L U L U L R D R D R D D D D D D L R D D D R R R R R R R R R R R R R R L L L L L L L L L L R R R R D R D R D R R D D D D L D L L D L D U L L L U L U L L L L L D L D U R U R R R R R D R D R R R R U R R U R U U U U L 
0 18 5 200
945 808 745 433 163 
D R U R U R U R U R L L L L U U U U R U D U D U D U D U D U D U D U D U D U D U D U D U D U D U D U D U D L D D D D R R R D L D L D L D L U W U U U U U U R U R U R U U U L U L U L R D R D R D D D L D L D L D D D D D R D R D R D D D D D D D D D D D D U U U U U U U U U U U U U U U U U L U U R L D D R R R D U L L D D D D D L U L U L U U U U U U U U U R U R L D L D D D D D D D D D R D D D D L D D D R 
20 93 5 200
393 283 853 797 838 
D R D D R L U U U U U U U U U R L D D D D D L L L L L R R R R R D R L D L L R L R L R L R L R L R L R L R L R L U L L L D L R U R R R U R R U R U R U U R R D D D R D R D R R L L U L U L U U U L L L L L D L L L L L U L L R R D R R R R R U R R R D D R R R R L L L R L R D D D D L D D D D R R R R U U U U U D D D D D L L L L U U L R U U R U U U U L L L D L D L L L L L L L L L L L L L L L L L R R R R R 
12 3 3 200
674 164 332 
R D R D R U U U U R L L R U R R R R L L L L L L L L L L L L U L U L U L R D R D R D R R R R R R R R D D D D D L U L U L R L R L R L R L R L R L R L R L R L R L R L R L R L R L R L W R L R L R L R L R L R L R L R L R U R R R R R R U R L D L L L L L L D D L L L L L R R R R R U L W W W W W W W W W W W W W W W W W W W W W W W W W W W W W W W W W W W W W W W W W W W W W W W W W W W W W W W W W W W W W 
7 83 7 200
434 579 277 503 362 592 559 
L U L L D D U U R R D D R R R R D U L L L R U U U U U U L U D R D D D D D D L L D L D U R U U U U U R U U U U D D D D L D D U U L U U L U L U U U R R R R R R R R R L L L L L L L L L D D D R D D U R U U U U U U R U R L D L L L L D U R U R U U D D L D R R D D D D D D D D L R R R R R R R L L U U U U U U U U U U D D D D L L L L L L L L R R R R U U U U U U U D D D D D D D R R R R D D D D D D L L L D D 
